36901 173665.47
78002 46929.18
123314 193846.25
136777 32151.78
44485 144659.20
55624 58749.59
39136 252004.18
130057 208660.75
66958 163243.98
61001 58949.67
127588 253724.56
115252 68289.96
86116 206680.66
124828 82500.05
81763 341734.47
32113 39414.99
16252 110643.60
129200 103740.67
56614 169405.01
28547 330793.52
84487 197689.49
64340 113534.42
3373 276992.74
107779 68989.90
21061 110512.84
104480 69168.33
88910 112126.95
147004 187782.63
27998 124906.11
716 164529.10
29101 126990.79
73957 66195.16
71134 261013.14
36964 189484.12
92749 130464.09
26395 144947.21
44000 114663.57
6199 200354.30
60481 213713.99
82495 124132.06
16619 34439.93
14116 2726.45
87760 202379.28
779 301925.76
27238 188023.67
107812 154451.92
119402 71124.35
82570 167668.42
79061 88699.17
61724 176707.84
135421 191542.31
64825 47095.31
32512 163700.57
110218 176189.31
52970 112986.49
2476 259960.36
33031 220441.09
127466 313134.62
9883 54880.58
44078 2749.87
111728 213076.69
102535 171318.37
90818 191808.17
124831 130775.45
122693 8649.81
41861 294182.42
43186 123298.34
104728 272353.52
46072 319306.86
30352 143146.21
116069 149369.68
7093 266047.60
103750 211162.52
117952 99019.42
141050 108550.11
22252 40637.14
29929 58638.09
50498 49457.90
18985 130843.69
302 53743.60
122591 86823.16
133546 205623.50
39133 119432.07
105155 38451.38
40024 125113.94
75986 327413.14
144598 38488.56
106456 28648.47
1777 249710.43
138268 217160.72
70007 99516.75
146809 209439.04
60395 157411.61
2290 354132.39
77600 239998.53
113009 166753.71
32947 54948.26
60110 110216.57
3296 204546.39
44668 198800.71
115699 93854.58
92401 308413.50
23935 71122.21
119711 120697.27
18010 102723.56
112550 97148.68
111778 130989.90
39761 103078.22
2282 255517.48
91954 187590.26
143488 161057.77
43721 137426.28
113092 67248.26
54899 198983.17
33103 68575.17
147331 8325.83
135347 50600.56
11008 2322.75
46123 206817.80
127399 210182.21
94303 82357.25
33334 160353.35
134596 64694.15
139418 52085.88
32839 236869.44
58714 166326.89
74293 106142.02
16537 159960.08
134377 214783.03
60974 73022.06
130570 85791.89
121408 93086.64
26927 373863.80
5243 277164.24
65464 29935.55
140269 210541.62
68908 268478.68
113167 366621.42
133801 253709.28
124411 254509.77
96328 308529.47
9418 81153.02
5698 7018.93
52541 132436.14
2852 103671.70
68537 187282.67
49540 252986.11
99703 235017.59
26275 98622.98
122636 209057.76
132697 61161.76
26944 75419.53
142225 188181.45
95695 202275.09
28465 276874.12
35405 43509.59
135335 270229.33
116828 245653.31
25216 258704.18
29311 187829.48
21745 24657.78
48683 95355.24
110120 257021.61
70150 255441.66
138235 125018.23
103517 274538.86
102320 158592.45
84844 66441.69
46711 358080.94
112868 160369.99
65392 240143.56
140126 196995.87
88400 149912.32
134990 210628.88
16535 259390.76
102898 106299.99
52837 149702.38
10403 183010.93
84712 65170.29
83821 110396.15
129500 132088.05
147313 273363.43
128491 135923.19
120833 261255.19
134870 307569.29
100094 323721.76
29821 100486.71
20608 158633.03
6931 213580.93
77656 62827.46
145394 331800.58
122914 138643.15
5663 23014.95
63451 71294.85
53539 345168.36
105937 27853.55
104110 63527.46
9742 45913.88
68320 39044.79
124373 204680.37
124231 217358.94
88232 316483.77
4123 199997.01
141032 162471.19
8533 252916.72
13999 157103.19
62279 55464.62
20176 26753.29
82144 52603.71
137399 98601.83
9514 283045.14
132731 29254.45
144587 59737.84
62230 18674.37
71911 159332.45
43207 230308.72
26750 90070.55
35641 131806.58
39320 123442.32
93697 402859.40
57979 33848.69
30140 156488.58
12613 104278.96
19877 128022.23
21220 67042.11
86125 85092.28
149176 211273.88
92494 143543.87
64096 115585.18
92308 93302.45
108310 281982.33
99458 14636.46
139111 117925.35
119842 121755.92
116408 94536.93
10280 36788.14
114383 196280.07
33610 147082.92
127948 65923.40
88 35524.49
109174 195138.56
82720 57580.63
61988 291031.96
71209 239038.22
105238 125260.76
62317 65514.34
51143 168250.12
44125 84841.66
129619 171929.25
31273 257357.64
123709 193390.44
26512 223381.55
79768 1209.19
86647 211614.99
60989 279579.98
75572 147805.88
72403 268691.30
74857 58841.12
60028 301276.96
134002 19583.88
41908 11330.56
86504 74146.61
69469 37826.29
103996 67310.29
55109 189133.15
113812 130161.40
33119 136172.27
126568 8684.77
72091 90841.56
53299 8271.88
124180 116370.15
129664 224857.38
39112 147526.93
38197 145544.72
98830 90957.90
55882 46353.18
40673 77338.44
29335 311898.58
131032 301151.77
79121 15695.83
32708 142936.22
118651 59204.86
53767 206058.00
60281 3696.95
40513 71913.98
42247 232300.89
79657 129665.58
22351 14349.56
32512 102961.29
110807 32586.85
77497 290029.26
12896 354575.46
138182 26663.00
124754 192134.85
30355 317382.84
143594 114856.68
32071 68906.56
55448 92750.90
113398 63216.65
110063 37625.29
50099 56653.09
51868 174261.23
68026 91636.81
132845 243053.46
123175 62405.44
40751 89405.87
145495 257006.46
34286 150413.47
88375 4444.93
2461 172951.46
108328 45088.24
109184 238333.01
101038 262416.66
136006 297293.53
134851 45129.18
87232 161996.86
147547 151552.50
7831 258650.87
61516 295278.80
67595 237385.93
103390 268731.75
43211 244464.09
83117 154704.46
133945 263140.62
134411 287042.16
37813 147055.98
100900 17418.38
46096 74503.23
132643 272626.08
21455 169029.18
131864 228023.05
137831 68592.61
69488 239234.25
131146 7390.35
59615 59299.35
84106 176440.24
94351 104018.96
103222 152632.82
74089 185680.08
62948 119601.33
14266 196352.24
64759 260706.44
140120 150026.38
139363 151077.26
146627 207233.22
146767 118880.03
87736 75778.72
76469 75008.23
2329 101935.87
110968 95554.25
74206 177425.35
57097 48232.40
72796 42139.67
70625 176200.46
42325 39376.65
25447 253012.25
9050 177617.70
2233 177054.94
5998 220393.33
130607 129515.83
11344 257875.41
131212 113830.89
121162 100472.94
100273 207991.38
32501 120800.80
78061 123724.17
43835 134852.73
77503 160705.58
115873 21191.41
3208 35459.92
39562 269497.24
92398 157573.74
105160 171309.71
98513 423506.43
147340 121629.21
109853 70196.29
86488 34016.91
81172 250361.06
135956 282623.67
48538 132484.35
56498 307638.17
46225 337559.86
42709 103922.21
53677 287257.59
17383 86328.78
86267 191147.69
127864 108516.65
88135 40717.84
3124 305145.52
127664 24832.29
33418 74533.83
40462 199287.43
72224 318162.94
52516 49910.30
3346 215935.22
115406 229506.58
121201 69308.85
148172 69544.18
19909 96562.55
84613 89238.85
139624 107975.85
28852 193997.87
105712 196801.37
80278 262692.47
111757 143514.57
137786 95201.66
53336 22817.48
3799 25271.06
71105 150961.77
2753 102451.52
61604 3117.36
67375 173386.35
191 130745.06
50071 356582.82
41737 312949.56
72077 164397.67
133622 18391.26
122890 153073.88
32776 61122.71
53221 152907.19
27802 142313.52
138167 216085.12
22310 154945.99
106651 21421.79
128344 108900.14
69808 197151.91
105184 192529.63
64415 179843.19
60092 193522.71
7840 273699.68
59014 47691.90
18211 170834.94
67972 63457.91
1192 157416.33
74303 240328.97
54457 77847.26
101362 235894.26
25927 140232.54
124753 235117.61
148822 80027.66
127846 211867.07
98228 122388.54
4067 172930.49
94198 343970.70
73501 268715.79
69899 251651.24
142252 68852.00
116432 189761.05
110731 59693.83
132082 33523.30
40010 232583.47
137518 166109.83
44771 100759.46
50069 99638.74
5189 108346.56
47183 44536.54
94547 166391.75
99706 238585.82
86416 185494.81
74770 171714.37
81796 258350.79
123883 146546.45
92060 177798.99
137563 91691.85
42817 188263.22
71321 298526.84
38566 183877.42
14387 229177.03
146929 289770.05
134422 201158.21
74947 15559.60
68068 36008.07
86054 79890.91
1285 147101.33
135677 36871.83
10229 105629.33
9889 70599.42
134017 180625.77
17683 117004.25
17776 148877.98
106405 190489.60
29371 318308.23
107870 83104.66
69181 318390.59
70738 90262.79
143164 221405.97
149894 249303.89
9526 163627.15
45133 394326.73
144658 96283.47
49531 262614.65
88369 103515.21
49732 244673.14
36745 72842.64
145945 84060.26
86474 25319.46
6610 224503.46
65624 161965.54
127247 182129.49
85330 73624.97
12658 129872.68
38197 130153.51
101651 295927.93
88408 371779.57
111952 58354.50
118573 95812.58
96898 64649.43
135805 121436.52
46997 233200.46
117268 159717.57
58051 163858.97
60541 44016.25
31363 61682.97
143791 168539.33
25760 12055.93
106241 164426.72
139396 139974.65
109624 101085.93
122786 89198.18
111073 307249.21
40630 61806.08
39766 214249.02
65203 51999.15
116308 106856.48
133597 144265.45
3187 142027.15
1849 66069.39
21070 65077.15
107704 171149.76
115996 63908.06
99481 186384.24
55438 189956.85
95938 104934.45
59164 69113.40
1141 121481.05
97189 226619.73
84349 251633.15
140594 89410.78
3004 46740.97
68113 187500.93
109631 50185.86
105379 240996.17
41395 94227.14
17096 54799.07
75637 223442.78
124661 62967.66
111484 23018.66
37775 129469.86
79207 78215.00
106396 137469.16
32731 130441.44
50104 178084.80
120062 185321.31
72542 130451.42
149821 214927.14
121099 140527.15
108074 262637.18
46366 72067.64
7550 60437.17
126085 176532.08
51694 10600.32
4877 159465.06
54536 45738.89
85597 112311.00
102550 118588.42
28936 53461.73
25189 120526.55
40181 84603.32
17989 16822.97
89660 104151.33
9868 229378.03
83225 486765.89
7249 53233.80
27146 49677.06
81922 85649.30
142808 201375.79
13013 112390.17
144802 303670.64
82172 60503.46
5521 232688.84
81851 68486.05
6109 259765.97
68389 98365.48
82108 15962.31
115306 90740.96
91655 171226.99
83606 100140.63
113281 243877.29
99382 174658.53
56860 336260.47
117208 204727.82
92774 75110.51
138088 66228.18
42040 248701.76
40765 60489.54
62695 229322.32
103867 171109.10
136177 11769.97
25585 132473.24
97892 92439.67
69263 37783.80
94988 187918.17
9344 369609.55
138530 282203.81
118153 192169.84
93077 114417.98
130843 226794.85
69541 164514.21
121450 118277.42
134050 116642.20
115402 49837.43
38611 30234.10
25933 156079.33
81406 125315.36
10298 214943.50
126034 69154.63
84103 117684.78
59680 198900.56
127666 93840.55
66952 220786.65
97000 73185.76
52129 226087.73
103667 180702.40
77767 292272.73
50780 208688.43
95620 429482.10
113768 63893.40
35183 117587.38
10000 34859.03
42748 221801.79
103061 27603.25
83816 129515.64
32272 157616.30
113909 131258.30
16891 56203.95
72649 33064.55
7649 146925.46
4435 202246.34
130439 39019.81
30571 165018.31
53893 1894.68
57401 76763.54
84034 326722.35
107500 219850.94
123878 73959.85
13750 147560.49
83608 52133.84
131524 177800.81
113966 60370.42
72865 145700.00
30665 329447.31
123205 207571.18
81952 183430.56
53039 75152.52
124420 230338.85
102617 258037.90
123008 47484.95
79520 166520.40
135148 71694.32
128114 185224.82
106853 279078.43
64060 54735.07
90496 249266.58
87745 297188.68
62626 110468.14
134959 123681.03
90100 310668.09
29348 274671.50
38641 291303.86
88604 171145.31
112870 315553.21
103633 90539.45
96913 151741.11
101566 151516.38
145399 177157.00
70534 218062.25
9379 217977.46
117536 114486.70
61297 140206.37
144880 16860.26
39053 95216.70
110777 75431.31
20698 209021.00
143965 26988.88
88862 185216.72
97867 298520.50
78065 296376.10
125797 288479.86
143834 226658.87
17048 192879.03
20848 197821.25
141178 139052.72
70580 299894.72
25198 264753.66
41374 186392.18
36781 63422.50
9001 105326.32
67648 188429.17
108268 217112.75
143623 215516.21
53765 99318.49
18209 141663.22
32825 91101.76
134716 119058.03
64142 108480.29
125512 39225.72
23614 217710.25
113065 215152.34
54437 44619.06
69208 161618.77
59582 248058.01
132637 131224.85
53762 206481.76
123184 298701.75
32776 162255.32
61738 32423.51
54068 110673.61
12319 254011.13
29519 125233.29
60682 140474.09
27835 86732.99
109055 202906.66
27883 83235.98
6835 278659.04
99433 186347.07
146452 252625.99
35968 18106.89
141604 260831.73
35887 254869.10
122797 249130.23
141085 96337.30
132103 145309.08
77758 164247.03
70495 83069.12
105791 117931.48
65311 203051.04
105235 243586.09
13714 18212.59
62017 210281.11
108391 139628.06
124705 176583.07
86897 216244.86
71476 139891.58
65332 43635.91
26216 164711.12
52177 85233.46
37697 163062.97
112621 49778.69
90908 126100.64
130768 11089.06
6850 47059.86
71209 216629.26
94798 123103.05
97484 371050.33
111424 264655.02
77780 146078.32
144763 13829.56
665 46234.65
68545 275564.56
4924 96389.70
82327 77565.65
53059 112691.66
138392 258965.87
50102 160238.68
106180 362347.34
7390 17160.09
144880 133736.67
40429 100299.94
112187 251587.78
17509 47119.12
112162 178545.27
39793 189444.08
99694 233707.69
43354 181040.94
67726 221051.45
70807 79904.35
77767 115906.24
56656 252093.59
147614 185984.42
84463 194971.34
116770 151796.12
85003 121908.71
26357 25502.80
21806 200146.00
41503 175145.82
14047 103735.07
134602 93901.59
81076 49508.39
24491 20267.55
4883 307914.68
9448 332478.76
66763 58250.56
52991 157696.70
69292 228338.75
136816 85588.52
83335 153184.22
39310 41750.79
51475 79320.38
58364 21090.90
57823 20647.76
106723 147544.68
123760 133727.95
114646 76107.94
73306 259796.58
102865 239435.08
93469 161327.12
121879 19371.76
147784 256819.20
72796 126816.18
59593 339656.04
13504 6674.34
148624 96649.68
99959 261823.95
10258 57308.88
39232 67055.78
111812 136978.11
15752 30914.20
127069 223198.11
84586 317652.13
77395 273527.64
111241 94976.60
16211 139407.11
57532 29806.95
12635 25736.61
97510 135999.12
83920 140432.23
137428 10046.92
41354 16249.38
77657 57540.95
18535 110742.75
103846 131758.49
79480 292346.26
50161 162383.12
39706 175021.68
124459 222071.87
5632 85771.60
126937 80356.74
111932 50186.68
74329 2005.65
24401 236060.62
146806 272526.19
6283 124394.53
117139 267310.16
133501 137083.82
41335 63240.33
111019 122839.83
37736 181755.17
23644 324142.70
17186 155019.51
87446 118204.33
1507 179214.44
128125 6317.59
128530 176164.16
37519 70250.11
122161 131621.48
99443 79427.68
34915 154174.50
7982 334733.87
46687 173110.39
2119 312032.41
47074 105308.35
71557 188074.27
75059 202977.22
4300 145093.76
101798 64676.04
2207 74034.13
31039 241421.10
115480 13607.75
2437 69347.44
4619 9768.70
69151 138189.28
10582 192329.03
94520 232031.41
95890 132865.83
21733 29831.87
135700 49031.90
93368 22383.24
79153 9000.85
117005 127163.74
139025 150783.54
34607 190343.33
81475 50362.03
143852 38824.87
12199 174955.42
106799 166764.02
67990 263723.09
149017 199374.26
126448 122679.02
134948 129150.91
69347 54002.27
3655 48835.31
69524 73143.20
139351 191046.00
113668 81641.43
11585 144879.92
998 43938.01
120605 151574.05
46066 10797.61
58277 137348.18
102803 36743.17
100838 184601.71
74857 29861.76
67858 122478.97
37558 188778.35
25033 275357.16
115961 85725.33
3091 251863.33
22663 49966.57
23248 37407.37
117961 133933.89
19174 179339.71
36811 124344.45
65918 244655.74
129379 234996.10
55009 55803.94
69061 131111.14
127477 157256.50
53239 75346.38
33787 87378.51
107917 174509.05
98032 159329.64
4994 23572.45
75748 270245.99
45220 356716.82
103840 37091.77
120364 159611.81
43741 66527.99
2524 84881.94
101386 93568.41
138169 194669.66
37013 127581.20
13540 334173.55
8503 81567.91
89947 105352.49
11716 43353.57
101143 131027.43
88108 61884.54
23098 58107.82
135241 278200.56
32287 306071.48
64975 159015.74
26788 134982.94
75802 60915.77
51625 160893.20
34390 82004.10
20710 88263.33
45985 71637.96
60634 198110.70
112487 233521.71
118055 27276.95
93220 146254.17
115415 146795.58
125023 155894.67
37898 57991.23
51373 3002.70
4834 120812.13
75974 208343.83
84244 43668.13
36403 192785.01
94168 37562.74
23483 255389.28
15307 158401.92
149383 153477.64
114019 221000.80
47977 192410.18
70522 146064.92
111229 277770.83
117508 119903.52
44629 269430.68
49111 303963.75
79310 103775.75
56530 104086.63
132646 173107.75
75593 83712.00
131360 95177.73
62087 57181.41
85912 228719.75
145234 128585.52
137890 128211.90
10534 142365.42
23144 98144.01
18179 33823.59
118729 236982.59
220 323628.64
75079 246660.01
34444 193825.64
39238 133272.09
54877 11217.70
94744 51748.47
105515 97020.95
89170 203722.47
15892 315351.40
76822 173959.79
78448 123197.06
105766 198354.27
94126 207188.98
74204 313534.97
45475 129036.39
19450 42242.09
33382 96766.52
28081 182357.42
36184 95288.59
21815 119916.58
33920 261596.65
90064 272880.68
23551 110374.22
102188 85101.46
123103 290961.92
9937 30138.39
42089 70286.95
30811 37519.95
31562 26523.75
49393 241945.15
15346 198944.28
53455 40293.37
65011 112724.11
13787 37048.54
115066 136714.24
90923 136544.18
82639 180814.82
51986 121533.96
126149 167997.02
83870 60883.88
49187 221246.58
32593 184399.89
137731 81948.65
29513 245684.54
109594 15418.02
69994 146098.23
82912 73557.02
123454 76159.44
68812 302734.44
13102 6952.74
144665 19687.94
29852 85301.20
109579 53623.13
125095 101829.47
68213 323252.77
149515 154831.22
68209 140626.70
77092 144692.65
133286 112195.77
33244 69827.40
114290 195900.91
121612 307755.18
25460 50654.63
94256 140036.87
802 205898.62
124966 249563.98
120091 208021.42
88490 145874.73
691 155475.18
50660 212510.04
37666 56807.22
43420 124100.52
6928 216240.30
12595 150947.81
21761 129935.59
25871 180697.49
97117 116478.79
69406 58014.82
95822 15254.15
74041 123079.90
1718 191223.48
68720 256024.19
116275 141828.17
21604 123534.06
77158 16872.48
21556 53977.76
9991 150534.88
67750 264492.95
10432 43450.99
108973 87786.42
147554 135335.68
125254 206174.23
32143 150950.94
54266 179918.59
37711 120918.07
39820 150223.76
76321 142651.54
65491 219822.18
147247 33841.14
77473 32484.92
69028 48427.49
50341 332188.99
70210 102205.53
118477 139812.18
132796 175698.34
46799 35377.55
99854 120998.26
37372 247007.91
58967 92792.12
141650 45665.32
58520 289380.69
133165 129221.71
84142 69737.10
94561 280619.78
21694 192051.13
87392 76827.17
139688 17727.61
80002 45383.51
137083 76484.55
72317 133305.85
115762 83135.21
79534 267496.12
52507 209342.20
11335 240180.96
5663 197227.04
74848 57788.10
68596 250644.75
131747 200868.36
109229 60291.34
105308 238672.11
49531 306648.82
87800 84095.91
100090 104897.03
79798 231999.30
147946 20881.93
107572 280549.26
10172 98665.61
100184 50880.61
41669 212749.81
118411 6432.74
70540 63577.86
93577 152746.07
140522 225263.94
140035 199810.29
40594 86338.93
56551 66731.34
37615 99673.43
87743 155793.28
38551 231241.57
68146 167632.02
60347 72429.72
98609 172943.31
119981 160067.07
59200 42394.90
1279 151063.82
31820 188457.88
47203 186017.43
139483 128652.43
73834 270752.48
119803 69569.81
68426 155136.51
121996 239614.18
10634 97690.96
60601 74509.49
147718 255421.59
28996 36777.40
111937 111313.41
148204 160868.73
85891 226049.09
106564 84817.50
146608 50621.66
113647 53844.29
83053 310306.68
104876 266424.13
136910 84184.40
36190 22505.50
128242 304902.92
7109 212206.33
76817 64535.59
302 220829.95
114106 23766.40
545 41477.11
148502 165662.68
17885 131398.41
133870 64368.40
97594 197233.66
131770 107961.32
29501 14290.07
56719 52254.22
4027 131983.39
19529 181035.46
17666 102952.92
134086 60207.25
106684 100623.34
55351 152899.65
132463 295809.36
3007 44180.85
121808 165034.75
20665 284669.27
50153 390883.76
71153 264311.76
53197 246097.43
71771 118503.42
90604 284504.75
107096 112842.57
102470 179536.95
47260 24950.44
53122 294475.79
14023 55020.35
6476 338602.48
82604 156150.82
72112 193457.61
112582 254043.69
46537 26788.11
14288 216639.54
126055 133623.49
572 317921.89
3457 241704.16
21317 1772.29
63514 39814.72
69614 59822.74
144133 139450.09
85934 79355.74
89362 52074.80
105940 168011.27
26734 268092.39
58070 276551.28
70126 186088.50
45340 73689.09
22399 164580.22
107299 97411.47
56110 148964.85
135520 234270.44
55172 116923.24
109796 30299.67
30929 83113.45
57812 122624.78
51989 9519.83
20233 87311.64
140194 128692.66
9505 221207.78
148259 141636.25
125465 206579.62
127144 222638.33
141209 106370.86
139811 291021.50
41908 257235.29
69748 193191.50
3641 300175.46
140782 182017.77
8110 183628.22
85795 133449.08
134918 212842.73
14416 19109.31
6485 206059.89
82073 235062.48
520 78744.97
26365 116769.79
15553 209178.25
82903 77509.23
141440 113927.25
115709 29220.58
113648 39587.63
125971 267058.03
68645 219585.10
49816 148457.77
85918 85741.39
2449 157460.71
56398 277758.13
6674 48742.94
113659 290301.30
143425 17348.59
20890 171371.66
94630 166063.84
132938 136236.95
31669 123766.13
47194 142647.94
129044 18306.34
132062 133778.10
149599 319560.80
5384 38053.57
26821 292002.71
2054 70681.69
7729 95531.70
140738 21445.99
22501 167297.87
141242 312244.95
101491 117469.03
80117 209276.57
124709 240826.08
26984 153472.47
63493 91348.64
11515 55216.28
10289 51737.44
126017 196768.78
111203 116931.74
129085 300627.68
49004 101573.21
107908 184417.04
76367 150276.14
98572 27840.72
90832 311297.17
40294 203118.47
110617 295511.55
8623 181341.56
14777 21710.19
99880 201625.60
30056 204038.84
87454 255780.60
133270 319644.16
58864 249954.00
73052 179577.35
33545 142111.95
81541 99247.93
30617 151827.00
63961 101566.14
70696 147708.36
27187 169761.02
11306 335208.45
106738 304140.50
69778 8718.19
32669 317528.82
61027 27122.76
117505 114682.39
138556 70966.37
83473 229054.57
119419 44512.93
61795 126021.83
118498 126297.03
20608 351747.63
125503 120011.17
17936 84462.13
98882 147964.40
44512 186804.96
48907 41996.52
99994 134189.27
138826 80996.93
122836 398984.47
37498 194125.73
60214 49928.78
108202 14783.95
80020 37944.17
119467 76002.12
106981 294552.42
124732 35184.90
103741 242890.66
107114 130448.21
110581 268382.06
29518 57044.23
44527 31638.69
14110 209564.03
126329 130308.13
105212 92787.52
95341 386867.42
84829 59806.75
89306 246814.64
57362 199322.47
21928 210088.31
139546 68975.90
66985 157088.47
37780 158296.61
144983 277107.27
115736 157699.41
117661 252651.42
75137 401876.37
112309 53315.56
115024 102936.48
136297 188842.39
89612 188017.41
104717 261420.29
22810 213428.01
100760 148589.32
110984 303811.13
49945 86347.71
16180 149282.03
122848 108246.29
100871 6382.62
27547 45226.16
78343 103124.91
142027 118055.46
65767 132623.25
128863 245432.86
70921 14629.01
64063 232424.81
136745 68089.43
116881 69841.71
58 95297.48
50846 216937.72
4726 83535.77
79607 57767.81
101153 132779.17
123592 110225.44
148945 226297.71
118036 141878.04
71615 174037.20
18587 185933.61
76661 206016.03
76150 25294.99
43585 136684.47
57313 152087.18
102139 18985.72
37696 141329.30
93044 32248.90
25343 326877.90
73838 67299.54
29110 215042.29
92054 60119.19
35786 33250.07
92536 40080.54
40810 147334.18
87589 194589.20
126040 54343.67
46931 93206.40
54472 163888.35
48452 82658.28
127781 152074.28
55963 102868.23
100739 76025.29
66547 105437.96
21889 171519.80
75950 93366.84
130543 240748.13
114752 223868.40
83758 106247.94
94783 160393.15
5836 289504.16
130946 144215.28
144511 298696.07
144491 268705.92
99529 149703.40
101863 212405.40
48296 30867.43
53500 151960.22
45337 247413.69
120334 230931.46
132433 225172.68
78364 191573.72
46720 253584.89
91210 64495.40
100966 116414.00
109562 156166.05
8455 3290.59
21809 256525.03
90649 152110.78
118742 48261.11
83782 105884.23
70444 228556.08
139636 10515.03
80989 207081.83
80819 233210.09
65638 162625.25
62702 71206.58
66802 186731.10
126460 101971.72
60385 288379.63
119296 240615.01
100499 68438.24
76048 95828.74
113156 75923.44
106396 183604.02
15289 227275.88
11566 253355.09
115822 204802.02
47791 68744.45
101393 160934.38
109606 265468.65
116795 189073.33
62401 230817.24
111544 136558.82
16232 287175.14
98140 180913.28
9521 236814.84
106714 176363.50
139919 193785.28
60622 187274.90
65572 348696.45
135229 11025.39
134389 117116.88
107041 189300.16
78392 143192.55
71500 288126.06
25897 49627.89
93352 223042.70
102896 233237.31
6697 157377.74
55681 234099.93
114655 78556.66
103699 160952.21
6805 47734.98
67222 226436.97
136364 233909.35
9668 80535.08
28769 61567.07
55066 242947.26
120022 24976.98
5270 15115.70
66926 203396.15
114692 61508.76
123017 254665.15
81364 234327.49
78700 93672.27
130333 69453.08
53252 166795.50
100894 165969.88
99044 233255.69
78571 192548.08
74317 172707.37
122107 111790.60
77789 138042.87
133255 288933.27
97327 46306.08
145864 253730.68
67130 19353.41
94891 42934.91
28184 39168.90
123455 132117.73
102529 250006.03
147625 155823.98
105734 260764.22
13418 92944.98
50752 25156.85
84115 254346.83
93476 79902.16
100544 175387.25
79021 132579.65
124292 267078.66
67762 144601.43
56887 138552.93
137647 194544.62
113450 4184.56
96203 350393.95
22144 174723.54
13021 254303.94
139906 103696.31
132226 208937.05
54877 228936.38
92893 140419.74
20521 128736.63
37390 210356.22
53405 323890.08
120817 196418.52
808 146004.38
70306 242606.96
56848 27545.20
84745 169798.03
53665 287618.06
144508 108276.71
87526 191111.38
138583 153296.17
102965 57434.51
117446 67837.96
53885 212333.92
79003 81050.08
1390 101248.34
97705 232064.83
51544 218845.81
41006 318983.60
82988 51418.89
76960 211757.66
145195 106904.91
71890 220249.36
145952 203184.02
64822 179605.54
140836 146296.10
1765 183511.17
91288 102604.02
71725 175354.92
44395 275281.19
15320 102094.90
79127 41953.93
125521 78677.01
5551 71279.29
113944 136847.03
123398 324059.95
47266 119776.81
146393 123744.14
124703 338272.43
77198 43555.78
106694 72218.25
93656 136297.76
121108 87605.30
93740 6420.41
67576 24152.10
86956 134464.95
140245 58119.57
137632 66177.97
6472 137231.95
22660 183946.66
134731 66063.58
4738 65845.33
107581 72888.93
140186 127518.97
51959 253482.57
121744 204715.15
124930 97937.88
136357 207943.58
20216 104560.98
12152 141801.55
78313 156810.39
100243 55342.81
102080 233051.80
108352 198095.46
64312 397114.24
125719 119405.95
42146 11605.78
33740 119047.21
63616 305523.87
138451 43840.97
144163 77523.40
136264 81096.14
138466 45156.30
70331 247376.99
48151 150462.38
9967 109777.35
106507 43022.76
88969 137168.77
97273 254677.49
13588 21994.38
41273 330302.65
74633 147668.88
52567 227941.75
130184 146289.82
98807 56973.87
146881 153919.30
53677 263210.58
46502 24463.14
55492 216842.94
96367 265091.34
60613 54219.58
46822 179715.81
20056 197430.47
24673 253595.41
76357 27490.34
64327 425369.61
61108 122999.98
118700 145851.70
133873 94661.25
135511 223254.75
82352 9051.91
37288 138449.81
116608 71591.57
61292 112096.28
76787 8354.05
98833 48004.75
102676 146130.26
55108 145419.16
93557 173418.73
100171 287433.56
94435 260748.25
139684 162416.34
148411 169074.39
135910 56230.08
23492 181995.52
19339 185734.01
101168 258637.58
70145 106735.47
64156 423204.62
39160 134018.95
107923 306779.81
54952 116692.33
15064 9802.27
115639 334687.42
116930 23892.73
80092 298401.09
142237 75909.80
146119 112000.53
146797 50166.30
143200 218311.17
141901 59775.46
69820 259579.31
146278 137366.16
133126 66345.41
48562 50551.25
30517 185011.00
26818 140529.66
128977 36191.87
42253 242716.51
37324 233440.96
856 239547.09
120490 120008.31
56537 106482.81
109658 282851.27
106318 241770.10
85672 119856.76
34550 149752.48
28939 59750.63
57233 110539.33
108502 64845.45
18421 196450.18
136760 9112.78
72044 216128.57
39718 263567.57
26726 387017.44
70843 213692.67
93125 227044.41
49402 158649.40
23920 29620.56
143197 164171.09
86686 75936.08
107570 259184.60
125170 138508.42
110581 196754.81
22426 5293.39
101561 273546.91
72347 108484.96
20512 61751.58
38180 38598.86
135475 75213.03
55349 121978.85
86044 176296.28
112924 5069.32
99961 50719.26
29137 137560.60
97838 112932.93
58531 202179.76
17465 53758.33
121475 51767.58
129832 75637.30
13123 225005.61
36598 99903.71
82931 227848.82
17204 113596.80
84697 20337.49
135625 63426.13
21625 28029.96
135730 41193.21
6856 58295.70
23434 248888.32
82195 149564.65
74180 86881.97
93055 213034.44
43690 219968.44
31577 73514.96
10228 332224.29
123865 4577.81
78733 149162.99
91945 279142.65
147085 83592.33
32087 184111.99
32131 244499.78
16207 292595.54
122776 158431.09
87313 106608.17
145234 104234.96
128182 324617.92
37907 286397.65
44743 37097.36
41122 197831.47
76273 196046.52
143986 77390.41
18893 148508.98
120322 96260.89
84619 211744.80
21307 101091.06
45520 232127.21
21530 262094.87
49210 234234.85
100441 197059.49
141665 14769.64
12431 213226.05
120202 230899.31
25390 92984.33
103723 244299.88
115816 356017.24
91222 119155.60
10525 276393.70
21955 3326.85
134341 96017.24
60674 138935.01
42836 194230.20
80863 38714.61
52778 325682.15
86047 371373.83
14162 254174.70
114706 52430.35
51622 93439.05
134387 214454.86
82357 56577.82
121363 120124.64
17873 100983.37
89246 19284.97
98762 31606.18
127519 238579.63
132682 166307.57
84250 230042.57
131722 292756.58
125774 74534.38
79603 230378.96
29926 94247.82
4759 274663.86
22688 226979.32
16118 106102.61
133625 152618.05
31981 187775.01
25961 64379.67
112306 255543.96
50959 161265.22
114002 262254.79
68908 37245.67
105265 165593.44
76673 245995.40
127496 30507.17
70222 24041.49
976 61981.20
33556 101664.31
103945 337312.27
87091 67537.44
16921 82418.68
136858 117095.82
46829 231118.84
147535 121847.42
88474 177831.66
26965 137044.30
49405 15165.20
80425 181530.51
19720 188358.79
55990 171515.00
69793 350031.57
148070 149735.90
102115 158631.57
75146 150529.84
119044 48796.26
56537 230688.37
116282 40294.43
146479 102225.67
67798 33933.91
58954 61079.44
89767 67196.07
145237 170242.15
29416 248475.87
143461 310554.13
27203 212579.23
142846 227809.75
55051 195325.21
36715 105872.17
91460 37722.28
106688 17169.91
2002 47706.34
38647 207818.23
37592 111872.90
2815 182099.09
49748 85703.02
3781 80864.98
91585 251591.84
91189 38010.11
40840 198715.08
140318 129179.63
8477 26894.57
107044 68407.70
129157 198634.91
65054 14813.84
8698 158841.22
85702 96008.62
91028 10587.93
41668 97340.58
101176 189547.26
34868 240335.92
123976 162029.47
5336 181923.14
126748 198425.81
76778 40328.70
100192 106384.57
23849 125225.02
23269 53643.65
14386 207374.12
131521 175140.78
49672 104386.72
63628 93467.95
31822 305067.99
70640 2877.39
142543 133965.25
59533 149418.59
43489 266668.66
93196 220987.19
17174 354508.86
40441 43463.23
38881 185959.47
68734 223098.13
60341 34638.28
147257 153492.61
92471 51712.10
144716 80733.14
136205 121175.15
42820 71064.47
103846 84600.71
56998 201259.89
57865 19544.46
63418 250460.81
101954 60296.86
81742 81500.60
116674 242948.70
126271 132483.42
35429 158571.92
95476 99944.92
91462 106043.75
146564 123111.71
143609 145749.96
12691 218854.63
120970 183494.32
31349 147968.86
66232 74815.64
2764 213747.19
72046 74438.58
68339 240631.84
10417 14240.52
19507 173812.48
76658 186093.76
29188 251500.11
57664 194607.18
135358 142592.23
44956 47816.14
144526 237565.34
135544 155103.14
32947 25233.71
78529 58166.62
107750 188853.30
148453 246678.04
91261 44150.67
40342 65311.80
147880 297748.47
52577 134134.07
10864 272079.01
17032 870.89
25789 296741.62
54758 160793.18
57668 215968.30
75373 167891.81
13672 58527.50
113579 117169.70
15718 152127.12
146783 35351.64
65284 120365.84
120781 232703.17
147209 250107.32
39394 75611.89
128662 197362.50
139567 38838.18
123077 160227.18
51910 118590.83
32659 249032.01
29818 140752.82
751 175266.51
142948 106913.42
104711 160567.18
66550 296139.53
79327 226582.56
18623 77109.32
92441 242339.67
102205 288338.32
109237 239212.57
64355 37998.63
111571 82281.07
1216 112332.84
32905 93012.92
112186 198958.03
132925 239237.99
96676 54525.64
19876 55099.22
124762 225988.89
144931 130356.81
137083 34737.31
80647 157301.45
24583 250151.93
45838 221746.31
139708 234679.00
88783 205823.11
115822 87572.18
49138 140040.90
102200 106857.46
24841 36926.53
46348 85446.93
4919 322632.27
16316 129384.59
17315 36085.88
148643 28429.46
134362 309251.88
110831 36015.13
28978 182015.17
104122 160129.10
57803 183973.31
88546 93952.03
40483 185990.74
121414 208875.41
316 23175.19
47128 205608.22
50072 61386.80
53585 297979.26
143980 145657.98
68959 43955.98
77458 405497.71
135820 157289.81
13637 144216.13
143941 209334.51
3577 340798.62
91210 50901.42
94757 242058.97
23789 153519.96
62312 142380.07
120526 153928.15
49676 319787.99
140315 76570.90
117994 203360.45
94951 10167.81
121726 153516.05
132584 56279.61
86971 207388.68
114571 167749.59
40990 187464.18
94204 93963.61
20692 76463.33
52192 17441.63
113605 63497.64
144298 73443.22
754 34683.18
43894 119591.00
6520 94817.37
67174 43823.56
85292 173991.39
93595 42650.00
118213 195380.58
41488 107974.27
63053 96484.76
128275 62765.16
91711 82091.84
127165 104458.30
49750 96526.78
22654 202284.97
31807 48307.81
107863 193966.39
79768 28339.33
105235 74070.86
6658 55036.54
431 160746.91
43534 20744.91
120407 15607.26
27148 176426.05
112612 62332.59
111667 233701.83
131503 286919.55
68362 61591.62
102256 237588.95
43022 62024.85
64961 194340.72
90154 325697.94
45278 93970.20
33565 314412.90
99529 7752.96
106987 143702.15
72664 141839.33
86083 66656.15
46511 74479.09
49682 77238.97
95959 331193.30
130826 24922.73
83392 56981.23
110531 258541.02
91139 33615.66
107548 286446.20
46324 202010.65
46370 152390.99
76738 208379.94
22747 165380.39
97090 28857.83
77678 137877.73
78098 25899.64
91831 184051.54
52555 238098.00
79711 266213.43
51787 118585.84
78772 266475.30
7616 137354.44
37078 212787.13
54986 130447.27
146170 63028.68
106946 337305.86
135421 127304.46
64792 286365.90
104984 20849.85
5503 81609.17
80023 53190.25
22387 48321.16
45775 170024.69
114580 222061.87
27136 155952.90
49259 78651.29
29755 322581.73
138157 208740.52
125914 51311.67
14512 112295.59
129488 179415.08
88735 281990.02
60937 35880.12
97853 99543.36
10732 137782.68
56920 255517.94
75181 101341.50
101008 40978.34
70964 175473.34
36898 167881.07
22166 17495.70
93272 167115.86
121726 105064.46
146849 75824.36
134321 38841.27
18613 351062.45
49652 210555.36
42409 13387.24
106652 198930.00
148061 219122.95
96382 115872.04
13892 6206.79
68761 218051.67
33955 109135.17
70771 59407.26
76162 31021.71
98149 34745.35
35443 100997.70
26270 375573.12
61912 58915.83
144152 135460.56
110810 98812.60
121715 177531.02
107977 67898.86
46033 10853.01
120932 209815.70
141883 189753.95
73945 300093.22
36505 214317.30
25042 200009.32
122056 99080.99
121660 187464.52
68572 191078.87
16669 58015.57
97405 334090.83
122561 174723.92
72863 129648.76
1150 163153.12
124474 111062.89
130942 64153.32
64594 99178.99
79252 228508.63
124681 66383.28
10703 95755.30
28843 46602.74
106507 185730.98
111001 54607.11
12994 237344.95
117008 103690.84
45530 250164.61
61130 123225.25
50780 275834.40
106075 62450.28
35099 132045.66
98333 104891.74
120710 110842.32
16501 72718.36
110638 149896.87
80719 109260.94
27646 44732.57
85978 6770.63
73130 156459.99
143075 80912.66
145981 219460.54
91042 245404.14
115321 202032.54
49970 73825.68
130381 133895.00
95863 163617.19
18041 122437.13
62467 241473.42
18424 152375.68
33263 316545.07
143275 43900.58
45421 154231.35
34081 223295.22
67214 41770.41
4819 151481.36
129103 212674.51
52294 131801.96
36580 289923.57
94934 52261.06
214 39076.07
143369 161840.84
140474 285211.36
92992 8007.70
59905 297276.45
144955 50444.39
105922 175968.02
29263 146981.51
114589 131357.79
18556 357281.63
4207 246700.42
29026 109768.39
31378 53905.40
96701 203169.72
2269 132695.15
13942 33962.48
4453 160526.23
127166 113754.36
64810 258879.85
97396 112072.35
130909 199093.49
111244 133952.62
60401 121475.62
109345 97953.40
86966 107537.40
23749 225480.54
147574 339760.65
146683 152233.17
19370 206789.41
51508 187834.06
29831 274761.92
60344 133218.48
47260 262200.29
30823 171047.81
69340 74363.96
28966 72173.04
66061 288550.14
123139 136208.04
22699 139948.45
40597 9907.77
104191 169500.99
8131 107901.16
7339 120032.69
41905 145714.94
22319 235364.34
114914 232206.11
99784 161434.86
50015 130004.97
145438 285961.27
94768 7659.07
46246 76263.32
86935 211333.28
110482 77340.40
142928 271900.83
76222 78600.82
49351 142411.52
87182 206419.94
59422 177405.90
132676 41209.39
125341 162085.18
147899 203919.56
109189 47204.05
19513 133207.43
36421 32870.53
126937 116025.96
108967 45845.40
34660 28616.42
75544 132684.47
64271 274478.84
40775 269425.13
103504 81044.73
8296 118276.27
69493 174322.44
61666 161737.78
66418 313319.84
116122 42247.00
147436 254481.66
99028 71633.06
102835 250052.80
24427 11507.80
112076 137352.16
103936 150235.26
87776 208622.94
142961 23244.35
34058 140927.81
9085 256791.74
127711 292269.01
58483 111068.29
93313 160668.77
30733 186872.55
75839 150309.07
71509 156874.53
19130 211733.28
62452 29253.44
50359 26976.75
73289 373919.38
115361 79195.18
113360 161374.52
83686 111549.19
97591 103017.70
108499 53659.19
128195 345858.04
115414 31904.60
99590 204881.27
92702 198132.45
136318 146168.49
125365 5162.84
95560 186066.64
4472 7030.04
10217 125117.13
105385 252613.99
131882 62931.48
137272 125004.71
121033 58206.51
18577 146857.74
42988 158820.48
74992 133813.26
82300 14022.84
53761 52229.96
77590 295001.87
83084 35921.03
31811 110853.19
45994 276561.14
70225 65455.49
38987 87862.31
42862 103837.70
65654 62890.31
31984 240036.62
87478 75246.04
88781 238596.59
85474 23025.35
141634 34074.88
79223 28443.00
90157 186803.45
111469 188125.46
107830 260198.49
143761 153323.70
117545 162965.62
74935 148127.28
22454 59069.03
124000 258182.94
114082 72949.43
61348 95578.90
99259 224456.12
83038 106194.11
148528 71143.51
139006 55063.28
149444 156495.45
95429 168521.79
59270 229916.49
139096 131815.30
29773 234386.70
123679 222616.28
120385 33000.75
96778 255980.65
68263 252805.69
86282 185320.28
84712 66345.57
91303 129406.37
23050 123157.93
68221 259401.88
125083 206966.71
19675 157863.83
48904 95165.52
72395 59135.31
90547 117207.63
44008 161788.56
126605 58905.28
86467 136923.44
31475 44134.63
84238 197722.45
54872 250820.66
20101 128222.69
20438 118228.31
141190 127142.91
113191 102659.53
85933 163737.26
66157 3972.56
70091 62463.32
55834 200356.00
118699 187328.15
108713 280252.13
137561 240716.32
25703 196168.17
137641 261061.21
6409 74692.36
134144 76195.47
44812 271674.51
136369 292123.71
102484 143890.40
144590 38990.26
118603 98452.74
8329 376662.40
31684 186437.52
2449 196330.15
37966 106333.91
135184 21522.12
113125 207785.27
22363 1974.18
104047 288233.19
145747 274442.40
42868 207088.24
5260 80700.11
54158 175978.78
27274 49871.26
134669 131758.79
24043 290149.26
131995 198813.87
59500 115829.74
99904 268675.53
113774 11548.33
86572 31281.96
14896 93424.23
127519 170725.13
145358 176871.35
116275 131065.99
22321 224045.09
132595 366492.91
122782 176026.63
45277 261898.04
145867 207589.17
128041 158835.48
70612 148240.50
115505 176240.64
132769 123670.62
46747 200574.30
133939 55884.67
43271 178026.00
47386 68304.33
38020 216759.53
649 111409.69
74971 118592.67
36991 149466.59
85549 38601.76
38488 68402.14
43018 258900.77
148699 205835.31
32047 122050.11
100598 218213.84
95155 134454.92
102352 339300.65
149984 203097.32
21772 51447.65
61901 16936.03
117457 102787.00
69013 200840.93
94795 82404.58
68083 170727.29
56837 42546.12
57487 93279.40
10879 319421.47
127346 301595.05
93620 18996.23
120061 241835.77
57301 212084.72
56285 158250.47
80855 81886.71
78673 58648.27
138724 89507.85
78326 275660.43
16105 8602.54
48430 64700.69
60986 187976.64
27061 19697.28
142000 171381.20
93047 320729.29
90118 74134.96
52918 134486.64
34339 324415.03
82804 202262.30
110465 87602.26
19189 240371.21
7928 232014.02
45361 16948.44
56708 203800.60
129419 60656.66
128591 14489.17
24026 252796.85
4016 154116.50
143764 207264.50
22289 208092.92
55456 213977.85
80563 266601.51
89944 361402.87
114355 176163.64
137063 320159.57
66940 69160.89
55960 4520.00
141028 62377.04
78874 55691.20
69776 5900.96
9068 15025.63
145673 196817.08
14095 139112.95
33217 70697.83
120592 80234.88
126097 78296.42
94051 56873.49
134057 255744.84
84365 118985.77
115606 58046.09
29072 50481.05
46870 62012.16
85414 134752.15
43249 205211.09
131087 152438.00
124922 56025.51
4753 311402.64
72847 51980.13
31978 183194.40
138751 41701.10
59314 122035.93
137675 27818.99
139018 192193.98
50438 91530.39
52865 101185.52
50693 109142.56
131257 40824.77
121495 180758.52
6868 293925.28
53753 17791.04
112834 80861.48
70804 43043.60
42094 145093.42
50840 122848.30
60775 113967.56
84230 238823.89
87064 139901.17
8083 187274.81
94645 212603.87
72484 155336.14
74519 341497.75
87094 168842.20
62957 373684.53
5281 156714.92
92896 109092.06
73475 34962.77
78641 156951.78
66796 182956.20
20542 279334.62
80575 79157.57
9109 133508.50
63073 165364.09
17363 126304.43
57112 245385.65
23377 196111.37
31757 305863.55
35728 122477.93
6046 155560.68
34075 103164.73
127981 75003.56
106996 118189.97
81680 99689.04
134017 274980.83
11008 179850.79
48928 168928.23
13966 70929.53
115471 136661.26
140609 44488.00
101735 210566.35
3442 109321.86
91277 61866.57
29884 110309.99
50159 51402.28
13738 56314.44
12346 209337.50
43831 171683.04
7001 446682.01
60323 216088.52
134905 153010.77
73309 342727.00
121846 265432.76
48913 209173.20
65906 222852.07
66082 132008.46
39899 278302.48
102232 15167.24
92221 108201.09
147793 189936.26
94855 311631.85
15250 22403.27
94270 153536.23
88313 363248.13
24568 404374.56
90385 76224.90
46303 287361.03
131066 82144.71
75515 103242.69
26509 193759.34
24359 174743.31
38569 6582.56
79411 207575.05
106108 259498.78
131335 33645.72
79603 202124.09
27469 303867.56
108470 42569.48
100399 172584.03
22909 195955.03
121351 187346.15
139744 91408.97
106303 224196.13
132727 89384.63
85853 116702.52
67168 108794.61
118429 17323.43
84496 64766.60
45103 49784.50
73582 136667.17
85942 250585.79
51601 176995.85
76207 99270.01
87100 136262.56
13747 141335.18
31801 250275.97
17135 209372.70
134536 48541.47
38317 113335.82
27937 47282.78
22870 134699.05
70115 9958.57
8047 84856.49
71861 96470.02
102992 221240.57
131006 233354.39
102845 39267.96
60040 73331.58
28030 46977.45
67559 157171.03
113630 184895.74
117148 130757.01
129601 167858.51
42725 172441.31
22768 106776.31
141691 163040.29
137378 251429.78
107755 83121.12
64228 81588.57
61139 138536.66
48589 258407.14
35318 201400.75
34994 80164.13
137657 144863.58
139394 272749.47
90641 264408.73
147613 390436.80
53705 157686.97
53531 11620.64
142745 88551.05
12541 191521.40
16648 97170.73
49057 131802.03
71650 258232.24
144434 224472.99
44306 148406.78
41206 242717.11
134194 218823.99
125192 146944.15
48307 226649.48
79411 199446.42
107047 339302.11
35600 212387.07
115582 102859.15
84283 205235.08
70454 67203.45
8344 204891.34
125320 229545.77
86947 79085.23
7207 262300.62
59656 120238.73
10502 101112.34
93730 85848.36
7654 181222.24
72268 172699.31
57910 107859.09
88580 346971.06
12181 217057.81
110878 230920.69
68990 67823.45
7301 213659.04
148039 227607.44
29488 117128.59
147344 263693.12
59080 197889.45
101488 289425.45
48809 146817.36
127519 188063.97
141233 139566.01
102437 235081.12
106096 238462.76
96908 207617.13
31087 149915.88
14734 100266.94
105706 346082.98
278 201141.56
15371 58220.34
29083 160852.28
96350 61334.17
90289 34972.74
75043 39277.44
24448 90717.12
26185 12119.32
119338 54011.96
53083 46877.31
87712 105180.40
97436 234571.00
52051 29009.92
146152 108019.76
101422 99563.90
119825 339826.31
132004 54471.93
88867 54165.07
9239 276679.53
27670 121614.61
19393 282416.54
109372 110135.23
97810 53744.05
15944 44929.88
58003 96416.97
125860 69569.64
15718 108414.57
12860 199052.68
126785 127308.65
123013 222320.06
29243 350055.06
76492 28127.16
75569 46709.71
30970 60871.51
130922 186597.62
46552 216315.82
125540 54629.70
38962 193449.55
61832 55509.20
3509 270833.31
24469 191200.86
90113 47453.16
115948 197379.11
77245 107010.02
6440 163297.75
83806 24833.86
19903 204014.67
63118 47304.96
247 128784.94
87053 129858.17
147002 49590.30
10196 6392.48
54863 228398.04
29234 36401.62
78367 113115.17
88777 195185.95
142399 252772.47
35065 130759.84
130709 118393.18
66397 56077.18
53737 155587.40
146656 229215.94
18014 123744.15
52843 265953.09
126394 355676.38
133924 100620.62
94720 121420.18
130849 28280.69
147517 313665.61
102163 80904.42
143216 67299.60
115463 207041.54
28513 64283.60
99149 335936.39
43973 123490.05
141302 96150.72
58019 231965.84
119629 50465.31
148403 239372.34
893 69800.64
149341 224922.98
144122 71627.94
48418 74406.60
136150 153386.60
139753 115899.56
98965 60878.32
73261 19555.74
73006 228047.61
10570 159367.39
29548 80146.21
105388 193660.13
31423 55463.81
121471 98955.04
52721 54368.73
23911 193262.22
9601 110012.75
86641 153169.28
124720 29266.40
67417 139035.83
123838 9487.44
89116 125999.99
149962 195153.98
101630 94855.63
30865 210274.57
30446 177985.76
55012 229031.17
117877 177233.22
107585 84177.56
66997 88796.86
109850 65276.33
46837 41450.40
127852 197980.90
50492 305674.93
62306 272081.68
24481 94087.21
144247 245460.19
52922 382710.00
105304 61330.89
131966 80117.78
48383 223271.68
10463 39832.68
44939 139187.68
24938 231916.30
26710 35215.20
83410 61200.35
96857 225306.93
61657 162715.05
51580 198438.11
23806 150095.16
25921 28370.01
32882 146473.25
35918 219796.05
66991 156192.92
10723 36775.69
39212 117887.58
80842 179978.07
137921 137015.92
82477 14055.83
37427 146561.68
77138 96685.89
2419 117960.91
137027 181020.35
61747 220810.21
61069 161941.71
82694 34043.69
87865 188465.51
134587 85456.74
131639 236220.87
100760 294670.53
118759 92769.14
56431 104703.18
108946 213190.43
25 32275.72
98569 179689.56
19708 72489.37
7760 105157.26
58349 86519.40
110887 403484.10
59315 129939.92
3535 141113.80
346 157789.35
84623 173454.75
107359 221011.72
3499 117111.47
2048 64851.52
57410 40748.67
76216 255627.88
97919 75078.61
67987 271546.96
87764 253625.57
89371 78464.76
102115 34756.78
71158 361060.05
124234 11512.72
124505 58076.95
42310 110007.05
95018 47550.04
64300 236432.88
80314 191864.72
122420 65762.34
107858 126173.44
16447 42569.51
21961 31683.02
92257 136637.40
132620 51373.75
82381 234234.58
74072 38687.22
67108 152033.49
26683 23212.67
93557 50283.81
108742 171419.15
148042 29496.41
90853 166951.09
89104 119937.77
95950 74694.73
116645 115720.29
90250 132103.89
122452 127318.22
30679 168808.50
49810 66276.68
133646 155911.15
87319 212059.08
103271 157949.00
21847 200649.62
128236 201896.15
61690 227216.38
18104 22195.69
60214 137257.35
101696 198636.81
102386 77192.58
148102 243339.38
49924 235260.83
115243 100486.18
65813 229917.95
5981 36544.98
22172 238897.18
32311 142300.81
24527 311048.34
16358 157181.58
113411 102190.48
48365 62267.98
10732 165300.36
50191 124573.52
78991 246842.80
81551 181477.83
73582 60541.52
63626 56448.12
11059 86451.68
144311 109764.01
83843 133628.57
37799 69578.78
35369 205317.56
133526 213002.92
5455 102276.74
28405 17943.99
81553 183834.05
81748 91171.51
60155 132134.34
9652 56588.84
49859 43718.42
73178 97600.21
49814 111044.97
71722 252358.03
10972 75623.88
33325 174843.78
136972 218030.09
27619 106618.72
90790 92180.49
89398 238852.30
82192 13625.74
31729 201982.37
12361 114749.48
127082 9161.65
4009 157818.44
16861 193220.78
26516 126692.55
141838 317336.85
56267 78010.30
79019 56073.52
106835 212178.27
72725 133550.47
79216 347443.06
118528 61183.61
76127 21570.31
107738 308985.21
89128 61652.03
55270 208278.73
119272 51634.31
149722 37074.64
103492 73253.76
134674 158692.86
102316 187348.10
24298 48925.32
57229 355595.86
24535 74117.09
2107 54651.32
149501 188906.70
148240 73695.32
93134 341227.55
51199 38039.64
97973 177303.57
75124 177231.68
49981 48786.10
27715 261516.70
52807 16173.29
126196 222511.06
112759 264092.90
14824 234944.16
142084 75527.54
130933 272293.29
58279 300221.86
131587 217527.16
107362 94761.52
64552 149866.56
95449 88621.87
95627 90525.80
91232 20200.32
31946 12809.92
63859 4406.61
21055 171678.04
143311 77885.18
73552 93407.48
26765 178955.72
128065 198912.38
11770 244952.63
95234 124395.65
83410 83771.98
105149 101210.87
89098 180063.05
140978 160476.03
9484 39205.58
96085 269559.13
142036 63902.18
84394 248447.38
142045 34094.95
93193 122276.04
139805 57078.60
89642 29435.05
11509 134846.41
73358 151155.01
70036 190729.60
25087 239330.98
122743 190449.51
136915 54034.90
118744 133591.60
128293 288563.53
108730 152692.89
106003 208323.44
38953 130688.62
61291 38444.69
41270 105385.34
17195 82299.93
90163 164117.10
54944 154937.95
42557 276370.91
41486 42251.68
51262 35586.89
83713 37799.27
83392 325564.09
106078 50731.71
102715 186827.79
105901 102672.40
97331 302014.44
78451 191315.09
149909 144829.80
106714 32547.70
114904 65462.43
9863 266508.31
1604 315492.86
93080 200773.53
31460 89716.97
146764 147263.92
36652 93488.66
76711 162212.71
14147 180043.15
18097 281792.56
89341 297665.11
22904 45486.55
43768 32851.31
149072 102904.32
2965 30132.14
11038 223346.94
69814 137934.84
36499 169977.27
78880 216391.88
23830 149086.96
136846 154884.58
7333 230592.93
82261 86497.85
6830 296195.66
37714 237626.12
96031 76872.26
120178 218255.77
49597 184179.46
10090 248544.22
71602 155023.25
99592 154446.50
138889 231461.99
130267 283172.56
129053 91244.55
127583 133182.13
23771 194140.15
54064 108263.12
79778 81162.74
116236 91536.24
119152 148902.98
74218 367471.41
129386 28055.22
24824 64104.51
50789 137790.40
102697 271476.61
96907 70812.20
147340 46648.89
136945 192359.92
11119 184085.93
96775 26041.00
26320 81434.74
148969 312003.00
44669 165912.73
143516 260269.47
66871 192452.40
72149 47351.76
3577 183102.78
97883 350044.13
63607 139932.10
116227 177833.12
126212 110045.54
87787 144837.64
17122 36077.60
57613 139841.39
19880 244636.92
64960 159142.53
81094 82743.75
13981 329309.50
69283 179985.37
120271 205844.68
122356 5350.06
83614 176297.84
72532 350064.79
124828 59684.33
78233 128315.02
101995 147594.03
472 222692.12
105058 272567.82
51950 272665.37
117007 51306.86
15013 225984.88
12409 152406.30
56728 228648.96
14548 230012.76
142448 178311.58
121726 103464.82
131990 79211.83
3253 5504.05
64127 148905.17
29444 273889.96
7171 154958.33
51689 116745.57
81505 28391.16
37774 127358.32
35701 184529.76
7562 193121.01
36086 220182.49
32818 181432.31
146905 181943.65
11269 3904.40
85855 117836.46
113968 165425.95
101249 18829.90
78761 78301.53
127027 297459.25
118385 275144.42
89980 146343.94
123700 247487.50
19327 50680.79
61676 80998.84
83795 90945.82
135874 214970.09
25099 209495.19
24209 3307.32
76081 200766.96
73168 106966.33
27056 51261.00
76316 16982.42
142430 72498.27
109111 275794.45
62888 121102.97
55384 123367.47
84988 245160.28
81466 94469.46
145223 348740.47
110948 237260.07
45028 227333.60
7997 124755.36
149603 195888.98
77279 95202.23
122404 221964.01
119225 318173.52
105436 88976.38
100411 127063.50
97273 178683.00
7201 137065.93
106438 92171.17
691 61404.79
44059 73892.15
92119 124538.71
78112 158094.46
8473 150863.80
50068 74463.31
140635 50296.15
96089 280574.43
58672 211444.20
116852 43321.59
129100 251851.67
9214 308419.08
49979 195870.32
140999 4734.22
56428 119334.46
79387 229262.24
1529 91394.70
40607 55896.89
116956 25125.10
75820 147487.29
32347 189986.00
30428 181765.36
39109 240940.30
2905 31275.64
55481 128107.28
54802 241847.18
49633 103936.28
22033 175183.43
78373 43438.37
87590 94238.83
13805 113105.96
112798 115255.94
64613 328806.78
95866 25797.89
66170 155413.05
10672 165706.07
101132 171998.00
75182 26519.13
122039 281687.33
145885 126355.79
137299 234270.37
129733 32005.24
22031 166754.07
69800 64518.68
40834 160658.30
28040 122976.14
117368 252694.13
93092 226781.17
84364 190302.35
86266 258659.02
120211 57445.07
33638 88067.75
147799 73346.85
55430 112000.61
96890 130603.49
14065 79570.64
126703 321730.25
76481 53696.61
55249 188489.58
66163 305584.81
21220 65795.11
64786 77774.55
135089 149729.84
33461 226581.97
12781 110630.56
145882 278130.44
72296 219904.13
72904 147019.30
78688 197637.85
82333 163478.34
139289 79482.27
115165 319839.99
121762 286653.80
140401 146735.24
60173 320907.44
26248 78643.70
125657 45026.09
59695 229067.24
71344 258200.42
111754 174603.19
96508 150859.69
53311 210096.43
27988 106325.14
131512 104966.73
58429 222938.61
88012 47839.87
47012 19166.30
65845 19494.32
88933 70482.76
81200 185543.65
24595 152725.04
103763 129418.70
37009 158766.52
94279 85507.38
88540 75177.55
59527 308038.61
95644 214131.98
70921 154174.40
64997 211071.03
92357 124294.76
36157 125330.04
12883 132984.04
63254 214718.20
48454 125403.25
146734 220783.03
7600 109350.47
81583 212379.65
1277 33019.05
8185 297333.04
139930 118512.70
85849 121299.61
4571 259421.98
9469 131115.09
139787 321097.33
92551 126907.77
121303 353294.29
67525 17243.37
131702 226751.52
114371 147670.71
122551 98919.41
49762 281873.31
74660 233360.05
47080 95306.56
149053 62108.42
125392 68220.18
83761 88674.56
1270 211953.11
16669 62288.33
86798 345935.46
55975 286239.13
88750 232337.59
15559 116317.34
41677 226151.98
86504 172467.15
57379 60571.68
147844 138446.52
58228 98339.11
18157 178352.92
37654 37174.70
117469 321471.60
145214 112135.75
109141 247302.73
113128 71742.26
69343 248842.03
85927 123797.05
117814 38476.57
82015 196402.78
47156 125307.53
100466 230180.07
121993 240492.12
105905 221025.17
36578 47212.62
63040 254391.85
57421 144437.86
100561 251014.66
49457 156136.78
59947 212001.63
107428 341327.60
128735 46291.08
46429 117034.52
10550 122745.18
4099 72431.62
20890 59895.40
78607 40711.26
79048 165934.28
143113 72001.94
29846 88276.94
18040 140731.69
45971 330564.10
132805 148404.99
31706 31266.06
69323 121085.56
58553 151438.44
94751 76490.84
63628 140370.23
45598 99715.87
10033 88899.10
146812 32909.32
98428 138870.54
47018 12453.46
16103 114028.04
27460 94020.22
112060 303516.34
120380 117527.14
11905 219226.67
119873 60385.13
49927 24258.84
149221 160315.33
100274 103711.52
42049 310333.43
47585 137927.24
94549 142226.57
107731 135805.09
115264 168215.70
117494 41792.61
113531 130457.76
107878 180947.65
53137 154666.01
108367 264891.35
8299 7117.62
109687 70739.80
286 58136.23
128671 248601.24
5605 90406.04
130138 87434.43
57721 55236.69
59870 41611.83
19952 148674.58
74629 190811.60
122467 52187.98
131641 138140.77
123409 47288.92
62809 69056.46
77111 266052.71
698 210593.94
21856 159053.47
122662 144999.41
107417 300038.99
106477 280307.01
56288 163883.37
125189 59699.85
137627 132492.25
90632 177139.54
147863 291987.04
79397 254171.19
14638 248738.69
149920 59799.53
124135 168351.37
134422 259862.82
54427 93701.73
25987 64870.98
88900 121524.11
120640 286834.34
19981 157847.32
99242 21614.57
108905 141037.13
50731 62616.15
2506 223103.01
103003 80613.55
13957 13894.07
119642 115089.72
66733 274905.00
21107 103300.11
144331 183888.68
119257 17126.20
46210 94800.10
74882 229394.21
29297 42366.68
84311 156858.27
101305 309202.20
120317 247524.25
2974 30501.99
32255 170161.54
146359 71437.17
129220 71789.66
74665 150588.80
140104 271903.40
26935 204612.52
113591 27033.90
68026 184338.20
2569 190790.40
98401 156880.42
66163 172374.74
43828 51025.64
107725 267524.93
15524 88258.88
54895 28661.15
97414 183309.14
136127 322704.40
77137 246772.69
111241 156452.58
14110 211290.78
119905 22400.40
119266 293328.20
31153 172542.63
56002 15286.26
114043 271866.00
2818 172937.64
100651 54569.94
75556 123187.12
98599 302724.88
101647 269877.97
8953 15354.75
865 173874.80
136660 102989.87
43162 187662.93
22979 131511.51
107650 85274.38
106210 188852.49
69787 228449.40
39640 64936.66
48676 100988.36
115649 203352.92
4927 305013.95
129571 213251.58
124339 146595.92
112139 63172.52
118691 263424.11
128971 76408.07
93571 146834.20
27355 188141.08
123349 118837.07
100976 282238.37
144442 313885.43
3277 214470.38
20753 68898.21
30457 48981.24
86170 233970.28
136213 113549.90
29539 105413.85
87466 59487.83
26371 86075.52
117019 301422.72
74288 150721.21
99980 224466.24
54142 165630.27
54413 161131.60
105185 127588.25
85628 123986.36
43267 24589.66
126067 191596.13
30196 190413.15
33808 297239.21
6847 31492.77
15625 251824.55
87118 126685.72
37366 23419.93
86456 268199.76
8308 113089.61
102829 138745.22
80392 350524.76
85552 111131.55
105989 316313.29
106441 47468.26
44603 117586.38
89435 30044.29
118021 98917.53
118138 300053.86
112166 97236.33
108167 90078.05
103273 75900.87
38129 48977.12
22874 62311.51
135223 6979.78
20906 179148.04
52537 165885.08
63440 56999.31
21655 63833.57
24316 205022.73
74203 244840.36
3608 109736.36
34360 205468.96
123832 51439.55
120931 126006.68
104401 235451.82
93439 298342.02
78155 187512.72
139033 315243.61
13288 277504.61
95779 239960.67
87163 53104.51
28313 341742.85
46357 57571.88
19876 207182.91
1432 36157.20
36251 270504.72
113339 170554.17
22702 227571.55
85498 224784.06
93058 31594.94
103645 79126.93
6079 29882.80
4183 184082.29
102119 79374.91
82400 68557.49
88996 173962.28
96434 212113.72
15901 56219.47
97418 151407.33
49693 263106.28
113897 116174.86
112108 343872.21
24616 103987.00
2131 227713.53
83881 137839.79
72820 232561.15
27346 260232.61
141521 70185.45
135049 138134.23
105673 345006.71
19859 80376.55
16504 53584.49
14959 272029.50
8198 200587.06
83066 274486.66
34814 291560.97
103972 71470.74
94996 163730.84
123253 5178.27
5269 11352.69
25816 143738.86
66422 16401.38
41600 238482.49
11020 130406.53
116174 303631.20
123388 334519.44
16045 140406.54
92872 75692.55
119006 219920.08
22867 237182.68
144844 153447.16
17062 107298.68
86554 140016.03
143618 144731.03
135547 297524.55
69079 34140.70
149035 89833.65
110842 73762.89
48517 276015.97
17764 102466.76
59216 55110.47
138760 97406.68
67316 123532.18
68581 222048.27
13723 268594.21
89830 73031.25
144323 201916.85
125383 221056.28
84434 21742.86
80002 26921.27
130462 136378.50
111079 219257.32
136999 124917.07
30319 207091.33
11338 148186.29
54709 369407.81
112975 140663.50
57128 37117.12
135731 13060.66
21761 75311.99
23998 57853.40
106969 63902.78
77492 324497.05
94981 93549.34
29566 120677.73
82889 74855.68
56239 65341.23
46063 286096.62
148045 108848.34
111679 158591.29
11158 387292.80
11713 354718.43
34646 115514.68
133868 20174.42
60257 35432.04
87328 10120.88
102091 75708.87
139196 319102.82
64559 8620.30
85679 207936.41
143677 114081.34
62933 160437.12
64483 219480.32
751 189040.43
5119 128578.00
72280 67368.29
83947 168716.34
122011 84332.36
128231 127967.41
117769 154130.13
65993 129880.11
29644 89415.31
56126 179480.27
95962 59028.72
23647 107072.08
79246 89738.67
29491 236969.52
49471 94343.26
140212 347538.27
9616 88102.52
46283 111418.13
117151 182132.50
25102 276483.34
83695 18041.35
98770 131202.19
114760 179384.46
66181 189475.98
53620 74021.44
124570 180616.67
78773 210926.48
25999 32999.09
149611 132144.17
58547 171059.90
146533 82606.99
47272 251099.36
87706 76985.21
15539 106536.28
1174 137791.89
65378 96522.89
48845 112095.95
133622 296575.58
127391 158650.40
99889 138608.68
15184 240067.04
16289 181221.03
12521 178254.93
128582 130817.78
19067 81884.63
45272 218617.65
85066 292078.43
37273 47479.55
23986 68611.63
54361 88038.52
120655 251489.79
146620 52396.51
22018 132706.82
128008 123277.20
129875 190982.15
2686 226708.15
114310 92223.84
2359 273107.09
34733 21158.35
90755 234618.58
107635 108322.27
11440 321662.46
105731 184183.10
119846 239486.51
47002 274824.07
40384 178885.07
123530 135656.28
2141 57144.93
128491 193807.74
115153 26509.98
58166 262798.34
43972 27853.60
118621 143282.67
11509 151324.81
75406 242392.26
130321 32019.78
12230 213098.42
40012 201788.84
26959 68171.48
66301 50435.35
97531 154912.48
126664 142620.90
24400 99619.90
117472 3289.94
26344 112721.65
107270 75625.87
21076 106215.28
73175 294800.69
144253 30727.35
138925 266682.80
4327 14462.96
141439 167856.34
105619 220612.75
8824 152678.62
98468 243884.94
135164 70390.05
99739 32817.63
59944 21972.97
54614 175046.42
35434 96722.79
20593 133480.66
47731 102637.39
134227 336471.84
90508 150928.91
12127 160413.06
114166 65340.38
115106 76045.87
35246 179071.73
19321 90425.56
120409 171861.43
62456 336645.03
132190 137681.92
49519 263774.74
35710 71074.29
144478 146724.12
14728 349017.24
30104 163313.57
145246 228083.31
17959 79087.33
18809 141208.60
64837 123331.48
94549 10598.72
124049 314020.95
41282 112514.42
72904 170135.83
85963 215722.48
123013 15670.60
25558 110209.60
72193 72766.23
135463 254397.52
6757 11241.11
147553 141726.48
116774 95911.40
17527 100902.80
93680 55994.47
63226 33359.47
13156 31684.64
144991 242597.58
95002 143540.96
81271 146648.71
143782 274329.97
26011 255964.48
45016 212317.58
108542 61474.65
109073 9044.19
25643 96872.05
23791 213692.34
96181 246622.14
80572 103636.88
118367 95974.46
79964 194317.01
88298 26991.71
57985 218248.71
247 155098.83
67817 194079.68
90274 384661.29
107875 64465.54
138704 170420.27
40642 68690.14
98582 325916.16
107813 128155.63
10811 90221.54
42430 111087.55
149041 177108.25
56639 3540.57
30236 216064.45
116932 19737.57
93224 138182.60
49490 119177.33
26288 39412.59
65852 122993.65
73348 58044.23
33520 151279.94
105982 200247.90
113386 91193.73
74566 149812.52
119773 139810.35
8653 162913.28
55549 33136.74
5731 272761.49
797 198593.05
40603 39891.57
34810 113904.86
42041 213354.58
73324 183091.53
92779 187832.76
60910 255879.72
85390 72545.11
70484 194607.42
72847 228744.25
36628 182408.02
141928 70597.85
52217 139872.70
94651 26865.74
32671 14355.61
95039 53878.55
104425 47340.99
48164 145947.28
85216 174241.28
19279 26518.38
14626 181733.44
114991 103326.79
30893 150853.11
61823 75984.46
6325 154932.06
72211 120823.50
124181 42651.78
8107 305099.01
43472 178170.06
122399 217594.59
43936 76848.74
118492 198172.95
64993 155872.73
5936 3845.19
13015 154741.44
30014 45080.99
133835 199156.30
99427 29281.44
44659 281437.23
129187 228332.57
137663 307167.12
90541 244910.10
95554 193780.78
64114 254114.56
110414 68392.34
77477 48505.32
5582 56068.37
53047 81977.07
110590 146138.46
22016 226430.62
112228 143210.70
110233 340079.82
25675 117279.58
88049 33220.06
83779 218359.86
147325 256274.52
34696 91724.18
62707 316269.87
146096 174909.99
84445 60629.69
114607 24592.45
115511 89744.97
85885 257977.39
9721 56205.47
4594 246793.78
91169 84544.77
19253 308755.08
19718 28230.58
46886 122756.58
58462 136744.63
40180 158176.93
127348 90298.27
133657 236584.55
114770 49129.83
81889 94799.65
26900 172892.18
47770 78762.23
64957 141474.83
15784 176923.26
57446 71712.68
93991 270523.89
26650 174007.88
136315 29220.12
62995 194112.76
44618 224201.25
34540 240533.88
135586 230171.93
126716 73114.43
2335 76488.09
79316 120243.54
12331 51356.64
69658 38532.06
138361 129443.15
120236 35669.24
149347 173989.36
124723 232321.35
115526 46012.80
36622 268724.19
45031 369438.66
72323 239955.90
71839 74828.16
22984 43763.82
13702 61149.80
36427 219471.50
52885 201602.25
64816 276819.77
54268 173792.36
62290 147228.35
40819 112504.40
92615 79870.82
29164 168453.56
79396 340703.73
129745 138383.76
64999 40461.93
108928 46493.93
134539 218618.70
68251 210444.02
40246 294258.45
49888 71559.93
88072 99848.98
12814 188960.85
107905 61659.75
41593 212260.60
36718 114303.47
9703 117964.20
20164 189008.29
15950 43063.97
7270 132985.74
81434 79297.69
50284 180031.62
12337 323959.28
16510 88632.36
118489 63001.50
36098 19514.79
94730 184978.45
19286 205483.44
135457 68930.45
63748 299880.51
95902 181914.61
65345 195005.45
96425 192961.26
11192 277771.58
141307 209498.69
132584 141119.17
82753 178721.32
2551 234482.35
94160 67650.22
35917 141508.57
55874 159285.79
61294 79112.16
101852 315425.71
18329 180471.64
92060 107247.42
953 131250.40
110551 244193.76
99808 48847.61
11875 114861.32
55769 152522.34
97045 65807.90
80113 176942.51
46420 119757.26
28183 152587.71
92335 367781.07
92515 131050.83
133060 91637.84
133484 80422.41
64498 172978.69
109549 229180.02
61198 227104.41
137930 301637.55
78386 264958.10
122719 73968.33
28282 214215.76
108559 207700.74
73189 163652.63
61649 22621.00
73258 76743.41
43384 242178.92
146618 16241.94
1184 82178.15
87571 33953.86
134068 103250.00
121900 70250.45
41201 153520.02
54901 56406.83
56669 360883.62
70765 173036.26
138532 69312.12
2420 62318.47
11551 37532.18
35405 171742.42
346 124619.05
112883 255317.68
14003 87997.95
143197 96750.07
95944 214974.06
23351 167596.47
44047 258218.29
16619 336871.73
12706 185840.54
91226 124886.69
78481 255024.02
51415 49376.84
129793 43967.22
123905 264228.22
7481 101288.41
31582 202075.45
86476 39924.59
50497 62366.84
126925 80389.26
59653 131132.01
111811 205502.56
124804 248248.36
121361 288928.53
7540 74467.98
119905 214593.70
123055 39653.24
121750 165815.17
70099 76375.05
42436 74292.09
118714 84012.80
70690 34443.73
54559 118812.11
4895 53593.85
66967 69416.14
37252 239260.42
4936 88465.10
136286 188485.86
50164 248783.07
78673 50638.51
124798 63478.49
13409 72431.19
54214 3026.04
53453 258197.04
28325 131861.14
100136 197827.07
128458 14599.23
37228 121277.01
16129 194317.34
13645 41638.66
111568 13301.81
142571 221669.94
88069 223831.44
96583 75053.92
112795 56089.78
43774 32165.80
87044 173571.78
140318 252580.19
17101 14769.89
148534 341695.22
80660 74504.18
101635 89834.79
114917 94485.71
6830 184001.56
29491 29229.36
32699 186133.98
117884 114712.59
72970 122109.04
4915 220572.01
100237 203447.04
17462 94645.59
71788 10931.70
59569 207114.33
50492 149846.58
62776 22388.15
97018 45281.07
67226 82848.81
53134 87038.10
41423 294190.88
36674 113893.26
14003 209989.45
140516 230621.15
50830 69337.15
16309 251729.84
29308 189549.39
120479 84055.78
30133 10507.23
30797 133801.14
101257 179275.66
76361 40234.38
144211 143015.10
43618 248776.56
33346 96077.74
17500 106740.50
97258 327439.27
42559 54058.18
81094 73373.25
24545 91849.76
25567 257575.07
74114 40080.68
31237 5193.92
139468 267135.91
134590 117257.88
28003 82287.88
93772 149724.80
100247 101755.52
45676 140685.04
125338 327798.29
86140 93548.97
95579 94781.32
32176 109042.24
27598 116640.56
22534 141958.02
115544 85807.18
33845 94716.70
25342 93218.82
58985 46527.20
146696 204224.29
104273 199221.27
59566 52025.92
6874 81672.71
67 269000.36
56315 98093.91
126580 173111.14
128212 196515.03
94294 145098.75
38210 189519.65
29390 274962.64
149929 212234.81
133442 93907.05
105829 273310.30
114100 235639.81
68219 216449.85
95932 121818.82
117721 58641.10
20200 203572.65
42385 170563.56
139141 275464.12
14830 118908.91
94819 191679.58
1169 354837.85
138223 135388.79
40138 277460.45
36334 219726.42
147998 270744.27
90718 69897.88
66992 264873.75
29293 152412.82
8653 31165.98
68930 116409.40
45887 300891.10
59218 276755.77
144733 59362.79
106957 184656.34
146563 165676.44
105505 145159.91
47785 113768.65
3974 306039.99
29833 200309.29
93986 219979.97
119020 184629.99
88081 51940.03
149864 61077.70
105574 141940.34
23071 114943.50
146773 67697.79
56629 62014.23
130162 265277.00
28339 125914.48
10987 120545.37
144586 213147.82
37993 218332.64
132265 150178.13
122426 75632.16
51955 217787.09
38698 106416.46
127460 131457.71
58282 55783.10
33667 11698.14
18997 57348.46
52387 77414.51
109819 410921.49
118570 74317.78
44191 4861.90
37993 67812.87
135175 70794.44
115022 190888.73
110453 163985.46
118951 200386.63
7042 231930.84
145411 280981.64
120151 186268.75
53011 168864.92
96862 51124.23
135169 49307.63
16292 305247.84
61255 144794.15
57812 257725.09
85628 19663.72
36712 318741.24
50014 264394.93
107341 43266.71
149179 183984.28
149848 108472.18
125623 201022.96
70351 118221.54
79936 31907.65
80881 39198.48
59611 227850.76
31607 18433.16
58600 109626.23
116060 268124.78
17803 68198.03
90235 110964.51
68888 229079.14
96530 25192.90
135178 25693.05
18458 74011.84
11009 96670.33
65410 36529.26
132548 177696.50
70279 135771.68
57787 113062.04
109537 140789.90
31489 75748.98
17239 356101.10
68978 105662.84
98390 237727.78
26975 355607.25
67721 132259.41
134710 112619.82
120020 388289.10
119188 317482.43
75107 62794.37
71915 290783.69
112448 90109.24
61294 194502.84
89266 31838.45
135835 341333.27
115363 65698.21
122743 102383.40
140917 15310.39
30592 192312.11
107074 257711.24
39475 174194.66
136531 67238.96
103732 14534.49
117554 201149.23
78743 83388.49
125413 5728.69
145375 172115.35
108733 61987.93
146119 183696.46
5617 302498.37
29710 65524.35
121319 185615.80
45586 118768.23
98317 83433.77
139183 240574.50
115493 250457.03
77110 167015.37
109903 137904.19
31135 55709.67
79919 173548.97
93605 243265.00
7252 170573.53
81529 151428.85
5128 75092.94
55291 111856.70
8117 123984.45
61144 237276.69
124819 187594.86
56798 168215.81
143053 178001.07
67009 168838.64
15649 52999.44
42169 197990.40
109822 188665.10
12104 101396.12
16559 227763.22
54817 228907.06
3601 41343.14
56141 94918.74
59980 77665.49
52277 256241.60
58087 67880.22
47704 14130.13
2650 50806.48
114142 122571.16
24460 223650.39
88358 108761.23
21928 206754.94
138928 164685.92
38653 103071.99
120520 271103.53
107488 144646.38
80401 135130.90
91783 77497.42
113317 82582.03
99883 334085.66
68537 186484.39
39028 248612.73
131299 255603.17
72766 136802.07
9644 184974.43
73021 248691.52
92861 192431.58
106600 84071.19
12493 242972.60
115462 54359.04
149377 145797.35
3695 142289.14
138700 7016.23
105659 138581.76
95509 8121.42
67423 330325.59
58354 244622.02
39382 174765.54
80716 126727.68
122674 265408.13
27709 287422.32
76909 104711.42
30413 115443.61
92182 67097.51
93613 65126.63
128642 101847.02
122086 84853.20
20356 148576.60
106432 66490.47
37799 54090.02
33811 27481.45
50929 130686.95
52216 86590.13
84095 39677.95
84233 183696.87
147922 122734.09
145924 95476.02
31630 134243.38
135910 185396.23
22558 63217.43
63727 108806.98
31892 195472.72
57319 305123.35
51748 193390.08
145433 157008.13
40796 63322.19
148505 77229.64
57073 189591.26
113306 245124.04
76783 139432.05
11777 3680.94
74974 54714.97
68209 93441.13
63478 98595.02
46996 53304.43
106664 332247.47
50656 85393.04
116449 70596.44
102163 108409.11
737 289532.52
79855 165617.73
53008 49193.19
34859 41749.23
109927 53126.90
122029 251526.48
120248 46581.28
117430 200453.30
70966 47518.18
66886 128816.17
22357 116357.49
120625 21559.60
85573 240416.25
147796 55110.15
148339 136543.45
124763 87720.37
37702 39699.40
34517 159264.55
75952 194002.77
24622 126070.58
92152 219448.09
40712 279870.72
42565 109631.96
36214 56288.10
87502 72762.86
14011 132262.38
129226 237555.71
47663 228676.34
61675 179451.68
69056 6751.02
67334 93710.26
81376 92872.88
121348 15099.62
92180 166603.42
68281 130715.46
80284 153710.85
54338 177367.46
57475 114595.97
98714 174092.51
82601 79545.65
14503 62942.83
119500 25973.93
73540 102652.56
113599 142572.96
53059 156139.30
2950 316706.70
60388 48221.68
32080 66006.10
46636 120680.74
41942 59758.76
54514 144064.77
15173 178985.38
5882 184244.34
3476 167135.38
68581 92775.86
13558 230052.32
7805 140092.66
63271 204874.43
24932 121562.59
66407 122469.22
99016 76041.21
35468 98915.55
3091 286727.94
19880 268641.38
61564 144124.82
269 157280.08
19051 218087.26
88058 199298.36
75928 224856.40
55018 137893.59
68602 126745.33
79187 279824.02
94153 189350.95
68251 58975.53
31267 141231.80
49736 235792.76
107647 195502.16
49384 16693.51
17330 200925.00
101614 121052.82
67135 351049.79
16100 197124.72
131326 251210.20
86260 152996.51
3688 193544.62
6973 194317.08
16840 88814.87
101210 94245.90
35323 204307.96
96427 65454.43
43525 26683.92
113371 187076.91
114853 210676.13
104042 88460.35
73838 28998.65
30247 120295.46
141340 118397.97
99679 173766.21
88535 171543.44
148613 42138.91
80461 128821.88
56918 199332.78
68089 278754.70
138310 209494.55
15862 229420.28
12283 354441.94
25219 123951.67
100562 16991.41
85192 97544.68
41756 172453.90
87988 125818.86
106441 147011.73
31720 113107.66
145351 305360.73
2759 277045.12
15358 136437.31
94102 133709.24
96607 270599.79
56074 74592.86
107089 187954.92
131167 28489.73
97042 174217.84
30611 16746.51
113333 78456.01
86740 104944.48
107317 140153.13
63100 19387.63
5260 30807.36
23935 208926.31
111221 35980.35
125816 313879.82
31897 157059.12
118115 155094.80
43862 24534.45
75356 266587.37
57953 244352.07
61043 71752.74
92980 30553.62
8237 10967.53
131846 274009.29
120223 216901.66
66124 155206.05
131521 116019.18
65827 138974.58
77353 207012.42
14548 75919.34
143311 85973.63
54037 55484.99
74137 68981.45
100633 285767.43
71800 59162.51
136850 187251.27
86782 177355.25
94694 115470.46
22039 257717.86
47461 282997.91
109279 174952.74
45305 111265.27
25370 86322.96
89206 151181.45
33031 193207.67
131260 249659.78
29404 333600.91
61538 230503.22
15313 63626.69
88091 96214.87
42232 189932.55
132061 298779.06
136309 265770.46
114758 222230.38
32302 253962.04
26536 242253.23
85258 65643.07
127556 90529.92
20032 46508.98
52142 97166.81
44521 108477.67
30850 228442.58
88987 114367.16
101173 205221.74
132478 175771.93
83716 192696.50
132188 62519.90
31034 139779.89
26338 10814.13
143608 243697.88
97780 23301.51
9130 278254.41
132352 204225.70
76628 72167.51
125294 56337.13
102404 73702.82
141172 253139.75
123131 167942.21
52159 230925.41
35045 92478.95
97699 196795.27
116395 144160.15
86179 278908.57
148204 410948.88
105254 57314.51
44206 119682.52
139735 228200.22
109937 283105.20
2476 247358.80
31799 77010.51
129995 11196.94
65386 253848.55
25480 67746.17
130804 8450.22
149308 260166.98
38348 54166.49
105469 94646.92
35404 93241.62
117934 240576.76
149134 23232.40
124561 203903.70
93676 163277.67
140431 152543.04
103880 38043.45
58768 65977.81
98395 5685.15
106642 86003.83
110599 41501.75
4627 139510.49
38510 219192.41
136813 29220.01
43510 135516.02
146120 405145.43
28231 175708.62
21302 244486.97
118459 203934.91
111007 129651.08
132526 58434.69
143647 258096.73
5617 91796.19
24595 194660.23
104797 60912.63
19727 88809.46
47522 236032.42
99154 70440.18
114716 35437.06
81100 62877.02
137867 13352.43
76969 234736.63
11377 33457.63
105823 105130.28
142682 17572.23
4127 186680.34
60524 1592.19
65440 42928.13
22555 169329.69
31463 193931.94
43669 224523.69
125500 102622.88
108308 241534.70
69052 272957.59
125342 221703.39
16483 331262.72
123050 103309.54
49732 93555.04
42257 73066.55
101164 212412.84
134863 273723.67
129763 283472.45
46867 83362.20
12098 180920.59
73558 40704.02
121550 12536.25
32216 122399.67
97826 76750.22
6982 162904.82
27422 306935.60
69856 142947.68
146444 183005.23
71564 247078.39
68255 40768.12
111748 176953.40
135697 213143.17
36076 22834.00
13352 14957.04
146024 79790.22
63667 12497.02
88684 297549.63
101701 154330.09
6091 49836.32
66982 246264.63
1426 118322.67
95380 83867.63
141235 166023.79
114866 90587.64
44680 15216.48
35941 157320.36
140429 98903.69
75745 76396.46
123842 257079.50
9481 59318.31
36484 110945.88
135742 190975.25
35404 255202.44
110764 86953.29
84212 63669.37
88966 131055.38
28424 8320.01
119087 130393.01
43474 82150.55
6490 75023.86
22541 150712.35
85274 119297.75
94966 270253.79
90022 145729.97
99230 263052.78
56362 198771.36
18541 237635.35
64570 44649.76
116914 84443.37
114238 130666.99
115381 54974.74
125588 44349.22
91667 257800.06
142997 200249.75
34457 226998.29
104195 213797.10
88882 20857.53
111622 93019.10
125377 220575.88
140921 320379.06
94163 151525.00
92489 192118.51
7045 269096.36
41024 99763.19
85534 51381.09
96389 129763.04
5695 233791.66
5905 95450.50
82327 112694.59
41983 88700.81
117082 7476.55
68386 98033.42
60337 28806.34
60064 67929.31
136550 49042.56
133603 123214.50
88018 30549.58
9667 199210.32
140498 99061.15
35281 187467.32
9997 137853.14
6125 84889.85
35135 18428.67
104272 79824.73
24844 330369.19
149269 170548.19
143011 238674.74
120379 174742.42
138472 156497.74
45736 323118.51
67591 274312.26
50726 17734.75
95165 59839.65
128245 270668.81
46004 3202.10
73586 131131.52
144292 197266.80
44734 176470.49
17246 140219.72
49024 160599.00
113162 131786.57
53911 116947.92
62977 105747.34
28319 276324.89
601 146278.88
24292 171231.01
110959 53247.63
80818 123573.34
53281 106047.99
127688 141046.47
141559 70279.09
13768 50875.04
74194 97137.58
4637 33841.83
71755 104783.98
116546 261607.75
72061 67283.64
19781 169144.72
53860 214466.59
105055 61032.56
4636 63593.02
61885 176361.55
140818 256983.67
15970 84923.31
39032 216937.66
57736 281283.53
136573 77423.85
79024 98281.65
29534 264388.69
14086 85800.85
21493 171459.96
23737 130328.38
97720 69757.26
147724 79989.36
131863 350139.40
111739 158440.32
135656 269387.58
118562 19549.16
65941 52414.53
41413 34329.33
6320 61465.60
11176 48123.38
7010 272367.27
56662 162904.25
91621 296686.23
107183 28348.57
57877 265077.13
133994 88329.28
86668 61631.53
111022 87481.46
70262 242720.56
81538 175109.33
137345 136190.94
141530 88645.28
128869 100213.53
50608 251942.02
41251 40179.67
131396 99993.63
60094 145470.25
39650 116323.07
81199 52951.27
484 111121.89
5569 167338.27
130352 344629.82
62020 113617.79
12595 364569.23
29117 51535.56
58238 214257.58
40558 183610.29
54665 11306.45
143749 108224.76
73780 19583.83
118954 295847.65
33667 108950.30
36967 55995.24
139456 140766.06
80761 227580.95
121003 122748.90
134320 22200.15
12076 49233.40
9022 225762.28
124186 281791.89
60860 80196.20
10780 221883.51
104512 130164.32
29285 90564.83
32779 216023.91
87491 198222.90
5467 38849.35
82753 203024.78
9508 173529.99
37831 70712.20
106829 109507.14
118774 211215.45
18007 29956.84
67517 11760.49
143345 175865.64
36737 93421.35
29423 20912.67
99269 216777.80
102331 204912.41
98999 349625.32
75511 122378.39
83380 206211.49
60179 109446.53
126377 62764.60
13543 126196.76
36406 254944.92
18199 327131.12
9151 257923.60
49390 96106.84
139778 273287.98
89233 61199.30
15763 69971.35
22604 88409.27
94417 338929.84
134105 22818.17
144934 170055.68
52786 62434.96
66686 14190.83
132383 110139.19
5425 221754.32
127219 123366.83
44944 71230.43
114784 154654.30
4210 22080.81
81388 81093.71
8641 30699.17
22988 232945.05
109246 290407.91
86590 218526.79
7097 168275.81
19762 155436.88
23425 219038.97
94141 199880.98
82900 139942.72
69274 61561.07
132073 5720.16
28093 291185.12
104834 111564.52
28502 281972.90
70951 110155.04
96922 312241.82
88162 180069.23
7300 63896.43
139124 236776.11
44794 110574.37
137323 232352.34
60715 111057.73
126328 134655.07
6790 248900.92
105193 84636.21
61756 167621.29
66799 32315.96
84757 139688.77
98126 79906.84
100777 156454.36
87406 14376.02
72547 172093.69
67237 216816.68
74453 275071.29
16759 12429.87
112738 12810.11
111256 127416.33
118621 174797.95
139313 66611.12
77662 145815.07
95848 173330.89
36733 310575.96
101095 251589.30
29624 283533.30
27584 24454.24
90884 250059.31
31168 115716.91
24157 272477.88
73547 48111.38
94631 184859.10
11323 239703.86
99496 193509.76
14357 97690.02
84275 156585.16
98917 253579.47
31724 187771.80
79150 210753.95
67318 203336.55
108223 178876.93
148660 69941.02
95248 238262.87
17770 296949.76
127909 228571.22
89350 130493.46
27448 132951.00
67855 248821.95
135128 111462.64
83659 2511.19
102568 219669.64
37060 119366.48
35024 192206.72
32815 97341.80
109021 155463.90
52606 200818.77
28294 255981.11
18004 184301.33
41437 167319.52
106820 204387.03
107561 146628.71
123724 95233.18
105727 307008.93
42737 10279.34
77521 257893.30
126727 235640.55
46037 213327.92
39574 92388.55
144055 34766.07
110423 274190.42
77488 84164.31
10099 58841.23
53599 215533.19
76466 212996.27
101570 112566.36
85796 82751.79
21449 292033.88
27532 56970.72
114154 176520.13
82718 22527.47
39170 233155.89
116212 145506.12
140 114897.10
94925 90793.77
141623 254673.93
57668 137130.38
68687 223614.25
17246 81191.60
51073 179354.43
82639 6855.26
60286 257467.09
102244 144625.80
139975 137462.65
78856 33814.31
52333 148913.13
107458 145950.01
40441 195837.01
39554 344002.88
124408 105346.77
54619 186371.53
118237 145800.14
133816 117067.27
64258 96307.73
129691 148541.00
41242 132623.93
139372 138080.68
143852 2025.92
19868 66217.24
7255 119361.45
123425 303069.34
53215 10578.87
61702 120913.62
54004 137765.39
120718 166787.74
7135 182715.18
46037 307608.68
41654 298776.89
26530 74830.44
63659 234572.32
105490 121810.59
99544 2563.35
85795 285742.42
137981 9647.42
45643 252315.70
144676 93782.60
53024 164094.24
19909 128254.09
102938 118241.28
127952 213609.54
83623 57737.46
84334 261746.74
23906 241684.04
87103 75542.78
88957 1948.59
27061 217871.18
145381 212116.80
47641 85442.21
148276 401964.93
120977 188607.71
9871 36643.58
140329 225944.14
26683 42296.22
86917 82536.55
112081 20270.95
42487 27701.72
72080 143211.85
39379 145262.65
30976 198846.72
103993 275226.15
141424 360337.91
144793 44445.98
58151 123700.32
79918 205542.81
58610 378166.07
5764 20854.73
1 Customer#000000001
2 Customer#000000002
3 Customer#000000003
4 Customer#000000004
5 Customer#000000005
6 Customer#000000006
7 Customer#000000007
8 Customer#000000008
9 Customer#000000009
10 Customer#000000010
11 Customer#000000011
12 Customer#000000012
13 Customer#000000013
14 Customer#000000014
15 Customer#000000015
16 Customer#000000016
17 Customer#000000017
18 Customer#000000018
19 Customer#000000019
20 Customer#000000020
21 Customer#000000021
22 Customer#000000022
23 Customer#000000023
24 Customer#000000024
25 Customer#000000025
26 Customer#000000026
27 Customer#000000027
28 Customer#000000028
29 Customer#000000029
30 Customer#000000030
31 Customer#000000031
32 Customer#000000032
33 Customer#000000033
34 Customer#000000034
35 Customer#000000035
36 Customer#000000036
37 Customer#000000037
38 Customer#000000038
39 Customer#000000039
40 Customer#000000040
41 Customer#000000041
42 Customer#000000042
43 Customer#000000043
44 Customer#000000044
45 Customer#000000045
46 Customer#000000046
47 Customer#000000047
48 Customer#000000048
49 Customer#000000049
50 Customer#000000050
51 Customer#000000051
52 Customer#000000052
53 Customer#000000053
54 Customer#000000054
55 Customer#000000055
56 Customer#000000056
57 Customer#000000057
58 Customer#000000058
59 Customer#000000059
60 Customer#000000060
61 Customer#000000061
62 Customer#000000062
63 Customer#000000063
64 Customer#000000064
65 Customer#000000065
66 Customer#000000066
67 Customer#000000067
68 Customer#000000068
69 Customer#000000069
70 Customer#000000070
71 Customer#000000071
72 Customer#000000072
73 Customer#000000073
74 Customer#000000074
75 Customer#000000075
76 Customer#000000076
77 Customer#000000077
78 Customer#000000078
79 Customer#000000079
80 Customer#000000080
81 Customer#000000081
82 Customer#000000082
83 Customer#000000083
84 Customer#000000084
85 Customer#000000085
86 Customer#000000086
87 Customer#000000087
88 Customer#000000088
89 Customer#000000089
90 Customer#000000090
91 Customer#000000091
92 Customer#000000092
93 Customer#000000093
94 Customer#000000094
95 Customer#000000095
96 Customer#000000096
97 Customer#000000097
98 Customer#000000098
99 Customer#000000099
100 Customer#000000100
149601 Customer#000149601
149602 Customer#000149602
149603 Customer#000149603
149604 Customer#000149604
149605 Customer#000149605
149606 Customer#000149606
149607 Customer#000149607
149608 Customer#000149608
149609 Customer#000149609
149610 Customer#000149610
149611 Customer#000149611
149612 Customer#000149612
149613 Customer#000149613
149614 Customer#000149614
149615 Customer#000149615
149616 Customer#000149616
149617 Customer#000149617
149618 Customer#000149618
149619 Customer#000149619
149620 Customer#000149620
149621 Customer#000149621
149622 Customer#000149622
149623 Customer#000149623
149624 Customer#000149624
149625 Customer#000149625
149626 Customer#000149626
149627 Customer#000149627
149628 Customer#000149628
149629 Customer#000149629
149630 Customer#000149630
149631 Customer#000149631
149632 Customer#000149632
149633 Customer#000149633
149634 Customer#000149634
149635 Customer#000149635
149636 Customer#000149636
149637 Customer#000149637
149638 Customer#000149638
149639 Customer#000149639
149640 Customer#000149640
149641 Customer#000149641
149642 Customer#000149642
149643 Customer#000149643
149644 Customer#000149644
149645 Customer#000149645
149646 Customer#000149646
149647 Customer#000149647
149648 Customer#000149648
149649 Customer#000149649
149650 Customer#000149650
149651 Customer#000149651
149652 Customer#000149652
149653 Customer#000149653
149654 Customer#000149654
149655 Customer#000149655
149656 Customer#000149656
149657 Customer#000149657
149658 Customer#000149658
149659 Customer#000149659
149660 Customer#000149660
149661 Customer#000149661
149662 Customer#000149662
149663 Customer#000149663
149664 Customer#000149664
149665 Customer#000149665
149666 Customer#000149666
149667 Customer#000149667
149668 Customer#000149668
149669 Customer#000149669
149670 Customer#000149670
149671 Customer#000149671
149672 Customer#000149672
149673 Customer#000149673
149674 Customer#000149674
149675 Customer#000149675
149676 Customer#000149676
149677 Customer#000149677
149678 Customer#000149678
149679 Customer#000149679
149680 Customer#000149680
149681 Customer#000149681
149682 Customer#000149682
149683 Customer#000149683
149684 Customer#000149684
149685 Customer#000149685
149686 Customer#000149686
149687 Customer#000149687
149688 Customer#000149688
149689 Customer#000149689
149690 Customer#000149690
149691 Customer#000149691
149692 Customer#000149692
149693 Customer#000149693
149694 Customer#000149694
149695 Customer#000149695
149696 Customer#000149696
149697 Customer#000149697
149698 Customer#000149698
149699 Customer#000149699
149700 Customer#000149700
149901 Customer#000149901
149902 Customer#000149902
149903 Customer#000149903
149904 Customer#000149904
149905 Customer#000149905
149906 Customer#000149906
149907 Customer#000149907
149908 Customer#000149908
149909 Customer#000149909
149910 Customer#000149910
149911 Customer#000149911
149912 Customer#000149912
149913 Customer#000149913
149914 Customer#000149914
149915 Customer#000149915
149916 Customer#000149916
149917 Customer#000149917
149918 Customer#000149918
149919 Customer#000149919
149920 Customer#000149920
149921 Customer#000149921
149922 Customer#000149922
149923 Customer#000149923
149924 Customer#000149924
149925 Customer#000149925
149926 Customer#000149926
149927 Customer#000149927
149928 Customer#000149928
149929 Customer#000149929
149930 Customer#000149930
149931 Customer#000149931
149932 Customer#000149932
149933 Customer#000149933
149934 Customer#000149934
149935 Customer#000149935
149936 Customer#000149936
149937 Customer#000149937
149938 Customer#000149938
149939 Customer#000149939
149940 Customer#000149940
149941 Customer#000149941
149942 Customer#000149942
149943 Customer#000149943
149944 Customer#000149944
149945 Customer#000149945
149946 Customer#000149946
149947 Customer#000149947
149948 Customer#000149948
149949 Customer#000149949
149950 Customer#000149950
149951 Customer#000149951
149952 Customer#000149952
149953 Customer#000149953
149954 Customer#000149954
149955 Customer#000149955
149956 Customer#000149956
149957 Customer#000149957
149958 Customer#000149958
149959 Customer#000149959
149960 Customer#000149960
149961 Customer#000149961
149962 Customer#000149962
149963 Customer#000149963
149964 Customer#000149964
149965 Customer#000149965
149966 Customer#000149966
149967 Customer#000149967
149968 Customer#000149968
149969 Customer#000149969
149970 Customer#000149970
149971 Customer#000149971
149972 Customer#000149972
149973 Customer#000149973
149974 Customer#000149974
149975 Customer#000149975
149976 Customer#000149976
149977 Customer#000149977
149978 Customer#000149978
149979 Customer#000149979
149980 Customer#000149980
149981 Customer#000149981
149982 Customer#000149982
149983 Customer#000149983
149984 Customer#000149984
149985 Customer#000149985
149986 Customer#000149986
149987 Customer#000149987
149988 Customer#000149988
149989 Customer#000149989
149990 Customer#000149990
149991 Customer#000149991
149992 Customer#000149992
149993 Customer#000149993
149994 Customer#000149994
149995 Customer#000149995
149996 Customer#000149996
149997 Customer#000149997
149998 Customer#000149998
149999 Customer#000149999
150000 Customer#000150000
49801 Customer#000049801
49802 Customer#000049802
49803 Customer#000049803
49804 Customer#000049804
49805 Customer#000049805
49806 Customer#000049806
49807 Customer#000049807
49808 Customer#000049808
49809 Customer#000049809
49810 Customer#000049810
49811 Customer#000049811
49812 Customer#000049812
49813 Customer#000049813
49814 Customer#000049814
49815 Customer#000049815
49816 Customer#000049816
49817 Customer#000049817
49818 Customer#000049818
49819 Customer#000049819
49820 Customer#000049820
49821 Customer#000049821
49822 Customer#000049822
49823 Customer#000049823
49824 Customer#000049824
49825 Customer#000049825
49826 Customer#000049826
49827 Customer#000049827
49828 Customer#000049828
49829 Customer#000049829
49830 Customer#000049830
49831 Customer#000049831
49832 Customer#000049832
49833 Customer#000049833
49834 Customer#000049834
49835 Customer#000049835
49836 Customer#000049836
49837 Customer#000049837
49838 Customer#000049838
49839 Customer#000049839
49840 Customer#000049840
49841 Customer#000049841
49842 Customer#000049842
49843 Customer#000049843
49844 Customer#000049844
49845 Customer#000049845
49846 Customer#000049846
49847 Customer#000049847
49848 Customer#000049848
49849 Customer#000049849
49850 Customer#000049850
49851 Customer#000049851
49852 Customer#000049852
49853 Customer#000049853
49854 Customer#000049854
49855 Customer#000049855
49856 Customer#000049856
49857 Customer#000049857
49858 Customer#000049858
49859 Customer#000049859
49860 Customer#000049860
49861 Customer#000049861
49862 Customer#000049862
49863 Customer#000049863
49864 Customer#000049864
49865 Customer#000049865
49866 Customer#000049866
49867 Customer#000049867
49868 Customer#000049868
49869 Customer#000049869
49870 Customer#000049870
49871 Customer#000049871
49872 Customer#000049872
49873 Customer#000049873
49874 Customer#000049874
49875 Customer#000049875
49876 Customer#000049876
49877 Customer#000049877
49878 Customer#000049878
49879 Customer#000049879
49880 Customer#000049880
49881 Customer#000049881
49882 Customer#000049882
49883 Customer#000049883
49884 Customer#000049884
49885 Customer#000049885
49886 Customer#000049886
49887 Customer#000049887
49888 Customer#000049888
49889 Customer#000049889
49890 Customer#000049890
49891 Customer#000049891
49892 Customer#000049892
49893 Customer#000049893
49894 Customer#000049894
49895 Customer#000049895
49896 Customer#000049896
49897 Customer#000049897
49898 Customer#000049898
49899 Customer#000049899
49900 Customer#000049900
99701 Customer#000099701
99702 Customer#000099702
99703 Customer#000099703
99704 Customer#000099704
99705 Customer#000099705
99706 Customer#000099706
99707 Customer#000099707
99708 Customer#000099708
99709 Customer#000099709
99710 Customer#000099710
99711 Customer#000099711
99712 Customer#000099712
99713 Customer#000099713
99714 Customer#000099714
99715 Customer#000099715
99716 Customer#000099716
99717 Customer#000099717
99718 Customer#000099718
99719 Customer#000099719
99720 Customer#000099720
99721 Customer#000099721
99722 Customer#000099722
99723 Customer#000099723
99724 Customer#000099724
99725 Customer#000099725
99726 Customer#000099726
99727 Customer#000099727
99728 Customer#000099728
99729 Customer#000099729
99730 Customer#000099730
99731 Customer#000099731
99732 Customer#000099732
99733 Customer#000099733
99734 Customer#000099734
99735 Customer#000099735
99736 Customer#000099736
99737 Customer#000099737
99738 Customer#000099738
99739 Customer#000099739
99740 Customer#000099740
99741 Customer#000099741
99742 Customer#000099742
99743 Customer#000099743
99744 Customer#000099744
99745 Customer#000099745
99746 Customer#000099746
99747 Customer#000099747
99748 Customer#000099748
99749 Customer#000099749
99750 Customer#000099750
99751 Customer#000099751
99752 Customer#000099752
99753 Customer#000099753
99754 Customer#000099754
99755 Customer#000099755
99756 Customer#000099756
99757 Customer#000099757
99758 Customer#000099758
99759 Customer#000099759
99760 Customer#000099760
99761 Customer#000099761
99762 Customer#000099762
99763 Customer#000099763
99764 Customer#000099764
99765 Customer#000099765
99766 Customer#000099766
99767 Customer#000099767
99768 Customer#000099768
99769 Customer#000099769
99770 Customer#000099770
99771 Customer#000099771
99772 Customer#000099772
99773 Customer#000099773
99774 Customer#000099774
99775 Customer#000099775
99776 Customer#000099776
99777 Customer#000099777
99778 Customer#000099778
99779 Customer#000099779
99780 Customer#000099780
99781 Customer#000099781
99782 Customer#000099782
99783 Customer#000099783
99784 Customer#000099784
99785 Customer#000099785
99786 Customer#000099786
99787 Customer#000099787
99788 Customer#000099788
99789 Customer#000099789
99790 Customer#000099790
99791 Customer#000099791
99792 Customer#000099792
99793 Customer#000099793
99794 Customer#000099794
99795 Customer#000099795
99796 Customer#000099796
99797 Customer#000099797
99798 Customer#000099798
99799 Customer#000099799
99800 Customer#000099800
